This is pdfTeX, Version 3.141592653-2.6-1.40.26 (MiKTeX 24.4) (preloaded format=pdflatex 2024.9.22)  1 DEC 2024 23:20
entering extended mode
 restricted \write18 enabled.
 %&-line parsing enabled.
**./tech_part.tex
(tech_part.tex
LaTeX2e <2024-06-01> patch level 2
L3 programming layer <2024-08-30>
! Undefined control sequence.
l.1 \chapter
            {–¢–µ—Ö–Ω–æ–ª–æ–≥–∏—á–µ—Å–∫–∞—è —á–∞—Å—Ç—å}
The control sequence at the end of the top line
of your error message was never \def'ed. If you have
misspelled it (e.g., `\hobx'), type `I' and the correct
spelling (e.g., `I\hbox'). Otherwise just continue,
and I'll forget about whatever was undefined.


! LaTeX Error: Unicode character –¢ (U+0422)
               not set up for use with LaTeX.

See the LaTeX manual or LaTeX Companion for explanation.
Type  H <return>  for immediate help.
 ...                                              
                                                  
l.1 \chapter{–¢
               –µ—Ö–Ω–æ–ª–æ–≥–∏—á–µ—Å–∫–∞—è —á–∞—Å—Ç—å}
You may provide a definition with
\DeclareUnicodeCharacter 


! LaTeX Error: Unicode character –µ (U+0435)
               not set up for use with LaTeX.

See the LaTeX manual or LaTeX Companion for explanation.
Type  H <return>  for immediate help.
 ...                                              
                                                  
l.1 \chapter{–¢–µ
                 —Ö–Ω–æ–ª–æ–≥–∏—á–µ—Å–∫–∞—è —á–∞—Å—Ç—å}
You may provide a definition with
\DeclareUnicodeCharacter 


! LaTeX Error: Unicode character —Ö (U+0445)
               not set up for use with LaTeX.

See the LaTeX manual or LaTeX Companion for explanation.
Type  H <return>  for immediate help.
 ...                                              
                                                  
l.1 \chapter{–¢–µ—Ö
                   –Ω–æ–ª–æ–≥–∏—á–µ—Å–∫–∞—è —á–∞—Å—Ç—å}
You may provide a definition with
\DeclareUnicodeCharacter 


! LaTeX Error: Unicode character –Ω (U+043D)
               not set up for use with LaTeX.

See the LaTeX manual or LaTeX Companion for explanation.
Type  H <return>  for immediate help.
 ...                                              
                                                  
l.1 \chapter{–¢–µ—Ö–Ω
                     –æ–ª–æ–≥–∏—á–µ—Å–∫–∞—è —á–∞—Å—Ç—å}
You may provide a definition with
\DeclareUnicodeCharacter 


! LaTeX Error: Unicode character –æ (U+043E)
               not set up for use with LaTeX.

See the LaTeX manual or LaTeX Companion for explanation.
Type  H <return>  for immediate help.
 ...                                              
                                                  
l.1 \chapter{–¢–µ—Ö–Ω–æ
                       –ª–æ–≥–∏—á–µ—Å–∫–∞—è —á–∞—Å—Ç—å}
You may provide a definition with
\DeclareUnicodeCharacter 


! LaTeX Error: Unicode character –ª (U+043B)
               not set up for use with LaTeX.

See the LaTeX manual or LaTeX Companion for explanation.
Type  H <return>  for immediate help.
 ...                                              
                                                  
l.1 \chapter{–¢–µ—Ö–Ω–æ–ª
                         –æ–≥–∏—á–µ—Å–∫–∞—è —á–∞—Å—Ç—å}
You may provide a definition with
\DeclareUnicodeCharacter 


! LaTeX Error: Unicode character –æ (U+043E)
               not set up for use with LaTeX.

See the LaTeX manual or LaTeX Companion for explanation.
Type  H <return>  for immediate help.
 ...                                              
                                                  
l.1 \chapter{–¢–µ—Ö–Ω–æ–ª–æ
                           –≥–∏—á–µ—Å–∫–∞—è —á–∞—Å—Ç—å}
You may provide a definition with
\DeclareUnicodeCharacter 


! LaTeX Error: Unicode character –≥ (U+0433)
               not set up for use with LaTeX.

See the LaTeX manual or LaTeX Companion for explanation.
Type  H <return>  for immediate help.
 ...                                              
                                                  
l.1 \chapter{–¢–µ—Ö–Ω–æ–ª–æ–≥
                             –∏—á–µ—Å–∫–∞—è —á–∞—Å—Ç—å}
You may provide a definition with
\DeclareUnicodeCharacter 


! LaTeX Error: Unicode character –∏ (U+0438)
               not set up for use with LaTeX.

See the LaTeX manual or LaTeX Companion for explanation.
Type  H <return>  for immediate help.
 ...                                              
                                                  
l.1 \chapter{–¢–µ—Ö–Ω–æ–ª–æ–≥–∏
                               —á–µ—Å–∫–∞—è —á–∞—Å—Ç—å}
You may provide a definition with
\DeclareUnicodeCharacter 


! LaTeX Error: Unicode character —á (U+0447)
               not set up for use with LaTeX.

See the LaTeX manual or LaTeX Companion for explanation.
Type  H <return>  for immediate help.
 ...                                              
                                                  
l.1 \chapter{–¢–µ—Ö–Ω–æ–ª–æ–≥–∏—á
                                 –µ—Å–∫–∞—è —á–∞—Å—Ç—å}
You may provide a definition with
\DeclareUnicodeCharacter 


! LaTeX Error: Unicode character –µ (U+0435)
               not set up for use with LaTeX.

See the LaTeX manual or LaTeX Companion for explanation.
Type  H <return>  for immediate help.
 ...                                              
                                                  
l.1 \chapter{–¢–µ—Ö–Ω–æ–ª–æ–≥–∏—á–µ
                                   —Å–∫–∞—è —á–∞—Å—Ç—å}
You may provide a definition with
\DeclareUnicodeCharacter 


! LaTeX Error: Unicode character —Å (U+0441)
               not set up for use with LaTeX.

See the LaTeX manual or LaTeX Companion for explanation.
Type  H <return>  for immediate help.
 ...                                              
                                                  
l.1 \chapter{–¢–µ—Ö–Ω–æ–ª–æ–≥–∏—á–µ—Å
                                     –∫–∞—è —á–∞—Å—Ç—å}
You may provide a definition with
\DeclareUnicodeCharacter 


! LaTeX Error: Unicode character –∫ (U+043A)
               not set up for use with LaTeX.

See the LaTeX manual or LaTeX Companion for explanation.
Type  H <return>  for immediate help.
 ...                                              
                                                  
l.1 \chapter{–¢–µ—Ö–Ω–æ–ª–æ–≥–∏—á–µ—Å–∫
                                       –∞—è —á–∞—Å—Ç—å}
You may provide a definition with
\DeclareUnicodeCharacter 


! LaTeX Error: Unicode character –∞ (U+0430)
               not set up for use with LaTeX.

See the LaTeX manual or LaTeX Companion for explanation.
Type  H <return>  for immediate help.
 ...                                              
                                                  
l.1 \chapter{–¢–µ—Ö–Ω–æ–ª–æ–≥–∏—á–µ—Å–∫–∞
                                         —è —á–∞—Å—Ç—å}
You may provide a definition with
\DeclareUnicodeCharacter 


! LaTeX Error: Unicode character —è (U+044F)
               not set up for use with LaTeX.

See the LaTeX manual or LaTeX Companion for explanation.
Type  H <return>  for immediate help.
 ...                                              
                                                  
l.1 \chapter{–¢–µ—Ö–Ω–æ–ª–æ–≥–∏—á–µ—Å–∫–∞—è
                                            —á–∞—Å—Ç—å}
You may provide a definition with
\DeclareUnicodeCharacter 


! LaTeX Error: Unicode character —á (U+0447)
               not set up for use with LaTeX.

See the LaTeX manual or LaTeX Companion for explanation.
Type  H <return>  for immediate help.
 ...                                              
                                                  
l.1 \chapter{–¢–µ—Ö–Ω–æ–ª–æ–≥–∏—á–µ—Å–∫–∞—è —á
                                              –∞—Å—Ç—å}
You may provide a definition with
\DeclareUnicodeCharacter 


! LaTeX Error: Unicode character –∞ (U+0430)
               not set up for use with LaTeX.

See the LaTeX manual or LaTeX Companion for explanation.
Type  H <return>  for immediate help.
 ...                                              
                                                  
l.1 \chapter{–¢–µ—Ö–Ω–æ–ª–æ–≥–∏—á–µ—Å–∫–∞—è —á–∞
                                                —Å—Ç—å}
You may provide a definition with
\DeclareUnicodeCharacter 


! LaTeX Error: Unicode character —Å (U+0441)
               not set up for use with LaTeX.

See the LaTeX manual or LaTeX Companion for explanation.
Type  H <return>  for immediate help.
 ...                                              
                                                  
l.1 \chapter{–¢–µ—Ö–Ω–æ–ª–æ–≥–∏—á–µ—Å–∫–∞—è —á–∞—Å
                                                  —Ç—å}
You may provide a definition with
\DeclareUnicodeCharacter 


! LaTeX Error: Unicode character —Ç (U+0442)
               not set up for use with LaTeX.

See the LaTeX manual or LaTeX Companion for explanation.
Type  H <return>  for immediate help.
 ...                                              
                                                  
l.1 ...ter{–¢–µ—Ö–Ω–æ–ª–æ–≥–∏—á–µ—Å–∫–∞—è —á–∞—Å—Ç
                                                  —å}
You may provide a definition with
\DeclareUnicodeCharacter 


! LaTeX Error: Unicode character —å (U+044C)
               not set up for use with LaTeX.

See the LaTeX manual or LaTeX Companion for explanation.
Type  H <return>  for immediate help.
 ...                                              
                                                  
l.1 ...r{–¢–µ—Ö–Ω–æ–ª–æ–≥–∏—á–µ—Å–∫–∞—è —á–∞—Å—Ç—å
                                                  }
You may provide a definition with
\DeclareUnicodeCharacter 


! LaTeX Error: Unicode character –í (U+0412)
               not set up for use with LaTeX.

See the LaTeX manual or LaTeX Companion for explanation.
Type  H <return>  for immediate help.
 ...                                              
                                                  
l.3 –í
       –¥–∞–Ω–Ω–æ–π —á–∞—Å—Ç–∏ —Ä–∞—Å—Å–º–∞—Ç—Ä–∏–≤–∞—é—Ç—Å—è –æ–ø–∏—Å—ã–≤–∞...

You may provide a definition with
\DeclareUnicodeCharacter 


! LaTeX Error: Unicode character –¥ (U+0434)
               not set up for use with LaTeX.

See the LaTeX manual or LaTeX Companion for explanation.
Type  H <return>  for immediate help.
 ...                                              
                                                  
l.3 –í –¥
         –∞–Ω–Ω–æ–π —á–∞—Å—Ç–∏ —Ä–∞—Å—Å–º–∞—Ç—Ä–∏–≤–∞—é—Ç—Å—è –æ–ø–∏—Å—ã–≤–∞...

You may provide a definition with
\DeclareUnicodeCharacter 


! LaTeX Error: Unicode character –∞ (U+0430)
               not set up for use with LaTeX.

See the LaTeX manual or LaTeX Companion for explanation.
Type  H <return>  for immediate help.
 ...                                              
                                                  
l.3 –í –¥–∞
           –Ω–Ω–æ–π —á–∞—Å—Ç–∏ —Ä–∞—Å—Å–º–∞—Ç—Ä–∏–≤–∞—é—Ç—Å—è –æ–ø–∏—Å—ã–≤–∞...

You may provide a definition with
\DeclareUnicodeCharacter 


! LaTeX Error: Unicode character –Ω (U+043D)
               not set up for use with LaTeX.

See the LaTeX manual or LaTeX Companion for explanation.
Type  H <return>  for immediate help.
 ...                                              
                                                  
l.3 –í –¥–∞–Ω
             –Ω–æ–π —á–∞—Å—Ç–∏ —Ä–∞—Å—Å–º–∞—Ç—Ä–∏–≤–∞—é—Ç—Å—è –æ–ø–∏—Å—ã–≤–∞...

You may provide a definition with
\DeclareUnicodeCharacter 


! LaTeX Error: Unicode character –Ω (U+043D)
               not set up for use with LaTeX.

See the LaTeX manual or LaTeX Companion for explanation.
Type  H <return>  for immediate help.
 ...                                              
                                                  
l.3 –í –¥–∞–Ω–Ω
               –æ–π —á–∞—Å—Ç–∏ —Ä–∞—Å—Å–º–∞—Ç—Ä–∏–≤–∞—é—Ç—Å—è –æ–ø–∏—Å—ã–≤–∞...

You may provide a definition with
\DeclareUnicodeCharacter 


! LaTeX Error: Unicode character –æ (U+043E)
               not set up for use with LaTeX.

See the LaTeX manual or LaTeX Companion for explanation.
Type  H <return>  for immediate help.
 ...                                              
                                                  
l.3 –í –¥–∞–Ω–Ω–æ
                 –π —á–∞—Å—Ç–∏ —Ä–∞—Å—Å–º–∞—Ç—Ä–∏–≤–∞—é—Ç—Å—è –æ–ø–∏—Å—ã–≤–∞...

You may provide a definition with
\DeclareUnicodeCharacter 


! LaTeX Error: Unicode character –π (U+0439)
               not set up for use with LaTeX.

See the LaTeX manual or LaTeX Companion for explanation.
Type  H <return>  for immediate help.
 ...                                              
                                                  
l.3 –í –¥–∞–Ω–Ω–æ–π
                    —á–∞—Å—Ç–∏ —Ä–∞—Å—Å–º–∞—Ç—Ä–∏–≤–∞—é—Ç—Å—è –æ–ø–∏—Å—ã–≤–∞...

You may provide a definition with
\DeclareUnicodeCharacter 


! LaTeX Error: Unicode character —á (U+0447)
               not set up for use with LaTeX.

See the LaTeX manual or LaTeX Companion for explanation.
Type  H <return>  for immediate help.
 ...                                              
                                                  
l.3 –í –¥–∞–Ω–Ω–æ–π —á
                      –∞—Å—Ç–∏ —Ä–∞—Å—Å–º–∞—Ç—Ä–∏–≤–∞—é—Ç—Å—è –æ–ø–∏—Å—ã–≤–∞...

You may provide a definition with
\DeclareUnicodeCharacter 


! LaTeX Error: Unicode character –∞ (U+0430)
               not set up for use with LaTeX.

See the LaTeX manual or LaTeX Companion for explanation.
Type  H <return>  for immediate help.
 ...                                              
                                                  
l.3 –í –¥–∞–Ω–Ω–æ–π —á–∞
                        —Å—Ç–∏ —Ä–∞—Å—Å–º–∞—Ç—Ä–∏–≤–∞—é—Ç—Å—è –æ–ø–∏—Å—ã–≤–∞...

You may provide a definition with
\DeclareUnicodeCharacter 


! LaTeX Error: Unicode character —Å (U+0441)
               not set up for use with LaTeX.

See the LaTeX manual or LaTeX Companion for explanation.
Type  H <return>  for immediate help.
 ...                                              
                                                  
l.3 –í –¥–∞–Ω–Ω–æ–π —á–∞—Å
                          —Ç–∏ —Ä–∞—Å—Å–º–∞—Ç—Ä–∏–≤–∞—é—Ç—Å—è –æ–ø–∏—Å—ã–≤–∞...

You may provide a definition with
\DeclareUnicodeCharacter 


! LaTeX Error: Unicode character —Ç (U+0442)
               not set up for use with LaTeX.

See the LaTeX manual or LaTeX Companion for explanation.
Type  H <return>  for immediate help.
 ...                                              
                                                  
l.3 –í –¥–∞–Ω–Ω–æ–π —á–∞—Å—Ç
                            –∏ —Ä–∞—Å—Å–º–∞—Ç—Ä–∏–≤–∞—é—Ç—Å—è –æ–ø–∏—Å—ã–≤–∞...

You may provide a definition with
\DeclareUnicodeCharacter 


! LaTeX Error: Unicode character –∏ (U+0438)
               not set up for use with LaTeX.

See the LaTeX manual or LaTeX Companion for explanation.
Type  H <return>  for immediate help.
 ...                                              
                                                  
l.3 –í –¥–∞–Ω–Ω–æ–π —á–∞—Å—Ç–∏
                               —Ä–∞—Å—Å–º–∞—Ç—Ä–∏–≤–∞—é—Ç—Å—è –æ–ø–∏—Å—ã–≤–∞...

You may provide a definition with
\DeclareUnicodeCharacter 


! LaTeX Error: Unicode character —Ä (U+0440)
               not set up for use with LaTeX.

See the LaTeX manual or LaTeX Companion for explanation.
Type  H <return>  for immediate help.
 ...                                              
                                                  
l.3 –í –¥–∞–Ω–Ω–æ–π —á–∞—Å—Ç–∏ —Ä
                                 –∞—Å—Å–º–∞—Ç—Ä–∏–≤–∞—é—Ç—Å—è –æ–ø–∏—Å—ã–≤–∞...

You may provide a definition with
\DeclareUnicodeCharacter 


! LaTeX Error: Unicode character –∞ (U+0430)
               not set up for use with LaTeX.

See the LaTeX manual or LaTeX Companion for explanation.
Type  H <return>  for immediate help.
 ...                                              
                                                  
l.3 –í –¥–∞–Ω–Ω–æ–π —á–∞—Å—Ç–∏ —Ä–∞
                                   —Å—Å–º–∞—Ç—Ä–∏–≤–∞—é—Ç—Å—è –æ–ø–∏—Å—ã–≤–∞...

You may provide a definition with
\DeclareUnicodeCharacter 


! LaTeX Error: Unicode character —Å (U+0441)
               not set up for use with LaTeX.

See the LaTeX manual or LaTeX Companion for explanation.
Type  H <return>  for immediate help.
 ...                                              
                                                  
l.3 –í –¥–∞–Ω–Ω–æ–π —á–∞—Å—Ç–∏ —Ä–∞—Å
                                     —Å–º–∞—Ç—Ä–∏–≤–∞—é—Ç—Å—è –æ–ø–∏—Å—ã–≤–∞...

You may provide a definition with
\DeclareUnicodeCharacter 


! LaTeX Error: Unicode character —Å (U+0441)
               not set up for use with LaTeX.

See the LaTeX manual or LaTeX Companion for explanation.
Type  H <return>  for immediate help.
 ...                                              
                                                  
l.3 –í –¥–∞–Ω–Ω–æ–π —á–∞—Å—Ç–∏ —Ä–∞—Å—Å
                                       –º–∞—Ç—Ä–∏–≤–∞—é—Ç—Å—è –æ–ø–∏—Å—ã–≤–∞...

You may provide a definition with
\DeclareUnicodeCharacter 


! LaTeX Error: Unicode character –º (U+043C)
               not set up for use with LaTeX.

See the LaTeX manual or LaTeX Companion for explanation.
Type  H <return>  for immediate help.
 ...                                              
                                                  
l.3 –í –¥–∞–Ω–Ω–æ–π —á–∞—Å—Ç–∏ —Ä–∞—Å—Å–º
                                         –∞—Ç—Ä–∏–≤–∞—é—Ç—Å—è –æ–ø–∏—Å—ã–≤–∞...

You may provide a definition with
\DeclareUnicodeCharacter 


! LaTeX Error: Unicode character –∞ (U+0430)
               not set up for use with LaTeX.

See the LaTeX manual or LaTeX Companion for explanation.
Type  H <return>  for immediate help.
 ...                                              
                                                  
l.3 –í –¥–∞–Ω–Ω–æ–π —á–∞—Å—Ç–∏ —Ä–∞—Å—Å–º–∞
                                           —Ç—Ä–∏–≤–∞—é—Ç—Å—è –æ–ø–∏—Å—ã–≤–∞...

You may provide a definition with
\DeclareUnicodeCharacter 


! LaTeX Error: Unicode character —Ç (U+0442)
               not set up for use with LaTeX.

See the LaTeX manual or LaTeX Companion for explanation.
Type  H <return>  for immediate help.
 ...                                              
                                                  
l.3 –í –¥–∞–Ω–Ω–æ–π —á–∞—Å—Ç–∏ —Ä–∞—Å—Å–º–∞—Ç
                                             —Ä–∏–≤–∞—é—Ç—Å—è –æ–ø–∏—Å—ã–≤–∞...

You may provide a definition with
\DeclareUnicodeCharacter 


! LaTeX Error: Unicode character —Ä (U+0440)
               not set up for use with LaTeX.

See the LaTeX manual or LaTeX Companion for explanation.
Type  H <return>  for immediate help.
 ...                                              
                                                  
l.3 –í –¥–∞–Ω–Ω–æ–π —á–∞—Å—Ç–∏ —Ä–∞—Å—Å–º–∞—Ç—Ä
                                               –∏–≤–∞—é—Ç—Å—è –æ–ø–∏—Å—ã–≤–∞...

You may provide a definition with
\DeclareUnicodeCharacter 


! LaTeX Error: Unicode character –∏ (U+0438)
               not set up for use with LaTeX.

See the LaTeX manual or LaTeX Companion for explanation.
Type  H <return>  for immediate help.
 ...                                              
                                                  
l.3 –í –¥–∞–Ω–Ω–æ–π —á–∞—Å—Ç–∏ —Ä–∞—Å—Å–º–∞—Ç—Ä–∏
                                                 –≤–∞—é—Ç—Å—è –æ–ø–∏—Å—ã–≤–∞...

You may provide a definition with
\DeclareUnicodeCharacter 


! LaTeX Error: Unicode character –≤ (U+0432)
               not set up for use with LaTeX.

See the LaTeX manual or LaTeX Companion for explanation.
Type  H <return>  for immediate help.
 ...                                              
                                                  
l.3 ...¥–∞–Ω–Ω–æ–π —á–∞—Å—Ç–∏ —Ä–∞—Å—Å–º–∞—Ç—Ä–∏–≤
                                                  –∞—é—Ç—Å—è –æ–ø–∏—Å—ã–≤–∞—...

You may provide a definition with
\DeclareUnicodeCharacter 


! LaTeX Error: Unicode character –∞ (U+0430)
               not set up for use with LaTeX.

See the LaTeX manual or LaTeX Companion for explanation.
Type  H <return>  for immediate help.
 ...                                              
                                                  
l.3 ...∞–Ω–Ω–æ–π —á–∞—Å—Ç–∏ —Ä–∞—Å—Å–º–∞—Ç—Ä–∏–≤–∞
                                                  —é—Ç—Å—è –æ–ø–∏—Å—ã–≤–∞—é—...

You may provide a definition with
\DeclareUnicodeCharacter 


! LaTeX Error: Unicode character —é (U+044E)
               not set up for use with LaTeX.

See the LaTeX manual or LaTeX Companion for explanation.
Type  H <return>  for immediate help.
 ...                                              
                                                  
l.3 ...Ω–Ω–æ–π —á–∞—Å—Ç–∏ —Ä–∞—Å—Å–º–∞—Ç—Ä–∏–≤–∞—é
                                                  —Ç—Å—è –æ–ø–∏—Å—ã–≤–∞—é—Ç—...

You may provide a definition with
\DeclareUnicodeCharacter 


! LaTeX Error: Unicode character —Ç (U+0442)
               not set up for use with LaTeX.

See the LaTeX manual or LaTeX Companion for explanation.
Type  H <return>  for immediate help.
 ...                                              
                                                  
l.3 ...Ω–æ–π —á–∞—Å—Ç–∏ —Ä–∞—Å—Å–º–∞—Ç—Ä–∏–≤–∞—é—Ç
                                                  —Å—è –æ–ø–∏—Å—ã–≤–∞—é—Ç—Å—...

You may provide a definition with
\DeclareUnicodeCharacter 


! LaTeX Error: Unicode character —Å (U+0441)
               not set up for use with LaTeX.

See the LaTeX manual or LaTeX Companion for explanation.
Type  H <return>  for immediate help.
 ...                                              
                                                  
l.3 ...æ–π —á–∞—Å—Ç–∏ —Ä–∞—Å—Å–º–∞—Ç—Ä–∏–≤–∞—é—Ç—Å
                                                  —è –æ–ø–∏—Å—ã–≤–∞—é—Ç—Å—è ...

You may provide a definition with
\DeclareUnicodeCharacter 


! LaTeX Error: Unicode character —è (U+044F)
               not set up for use with LaTeX.

See the LaTeX manual or LaTeX Companion for explanation.
Type  H <return>  for immediate help.
 ...                                              
                                                  
l.3 ...π —á–∞—Å—Ç–∏ —Ä–∞—Å—Å–º–∞—Ç—Ä–∏–≤–∞—é—Ç—Å—è
                                                   –æ–ø–∏—Å—ã–≤–∞—é—Ç—Å—è –≤...

You may provide a definition with
\DeclareUnicodeCharacter 


! LaTeX Error: Unicode character –æ (U+043E)
               not set up for use with LaTeX.

See the LaTeX manual or LaTeX Companion for explanation.
Type  H <return>  for immediate help.
 ...                                              
                                                  
l.3 ...á–∞—Å—Ç–∏ —Ä–∞—Å—Å–º–∞—Ç—Ä–∏–≤–∞—é—Ç—Å—è –æ
                                                  –ø–∏—Å—ã–≤–∞—é—Ç—Å—è –≤—ã–...

You may provide a definition with
\DeclareUnicodeCharacter 


! LaTeX Error: Unicode character –ø (U+043F)
               not set up for use with LaTeX.

See the LaTeX manual or LaTeX Companion for explanation.
Type  H <return>  for immediate help.
 ...                                              
                                                  
l.3 ...∞—Å—Ç–∏ —Ä–∞—Å—Å–º–∞—Ç—Ä–∏–≤–∞—é—Ç—Å—è –æ–ø
                                                  –∏—Å—ã–≤–∞—é—Ç—Å—è –≤—ã–±—...

You may provide a definition with
\DeclareUnicodeCharacter 


! LaTeX Error: Unicode character –∏ (U+0438)
               not set up for use with LaTeX.

See the LaTeX manual or LaTeX Companion for explanation.
Type  H <return>  for immediate help.
 ...                                              
                                                  
l.3 ...Å—Ç–∏ —Ä–∞—Å—Å–º–∞—Ç—Ä–∏–≤–∞—é—Ç—Å—è –æ–ø–∏
                                                  —Å—ã–≤–∞—é—Ç—Å—è –≤—ã–±—Ä–...

You may provide a definition with
\DeclareUnicodeCharacter 


! LaTeX Error: Unicode character —Å (U+0441)
               not set up for use with LaTeX.

See the LaTeX manual or LaTeX Companion for explanation.
Type  H <return>  for immediate help.
 ...                                              
                                                  
l.3 ...Ç–∏ —Ä–∞—Å—Å–º–∞—Ç—Ä–∏–≤–∞—é—Ç—Å—è –æ–ø–∏—Å
                                                  —ã–≤–∞—é—Ç—Å—è –≤—ã–±—Ä–∞–...

You may provide a definition with
\DeclareUnicodeCharacter 


! LaTeX Error: Unicode character —ã (U+044B)
               not set up for use with LaTeX.

See the LaTeX manual or LaTeX Companion for explanation.
Type  H <return>  for immediate help.
 ...                                              
                                                  
l.3 ...∏ —Ä–∞—Å—Å–º–∞—Ç—Ä–∏–≤–∞—é—Ç—Å—è –æ–ø–∏—Å—ã
                                                  –≤–∞—é—Ç—Å—è –≤—ã–±—Ä–∞–Ω–...

You may provide a definition with
\DeclareUnicodeCharacter 


! LaTeX Error: Unicode character –≤ (U+0432)
               not set up for use with LaTeX.

See the LaTeX manual or LaTeX Companion for explanation.
Type  H <return>  for immediate help.
 ...                                              
                                                  
l.3 ...—Ä–∞—Å—Å–º–∞—Ç—Ä–∏–≤–∞—é—Ç—Å—è –æ–ø–∏—Å—ã–≤
                                                  –∞—é—Ç—Å—è –≤—ã–±—Ä–∞–Ω–Ω—...

You may provide a definition with
\DeclareUnicodeCharacter 


! LaTeX Error: Unicode character –∞ (U+0430)
               not set up for use with LaTeX.

See the LaTeX manual or LaTeX Companion for explanation.
Type  H <return>  for immediate help.
 ...                                              
                                                  
l.3 ...–∞—Å—Å–º–∞—Ç—Ä–∏–≤–∞—é—Ç—Å—è –æ–ø–∏—Å—ã–≤–∞
                                                  —é—Ç—Å—è –≤—ã–±—Ä–∞–Ω–Ω—ã–...

You may provide a definition with
\DeclareUnicodeCharacter 


! LaTeX Error: Unicode character —é (U+044E)
               not set up for use with LaTeX.

See the LaTeX manual or LaTeX Companion for explanation.
Type  H <return>  for immediate help.
 ...                                              
                                                  
l.3 ...—Å—Å–º–∞—Ç—Ä–∏–≤–∞—é—Ç—Å—è –æ–ø–∏—Å—ã–≤–∞—é
                                                  —Ç—Å—è –≤—ã–±—Ä–∞–Ω–Ω—ã–µ ...

You may provide a definition with
\DeclareUnicodeCharacter 


! LaTeX Error: Unicode character —Ç (U+0442)
               not set up for use with LaTeX.

See the LaTeX manual or LaTeX Companion for explanation.
Type  H <return>  for immediate help.
 ...                                              
                                                  
l.3 ...—Å–º–∞—Ç—Ä–∏–≤–∞—é—Ç—Å—è –æ–ø–∏—Å—ã–≤–∞—é—Ç
                                                  —Å—è –≤—ã–±—Ä–∞–Ω–Ω—ã–µ —Å...

You may provide a definition with
\DeclareUnicodeCharacter 


! LaTeX Error: Unicode character —Å (U+0441)
               not set up for use with LaTeX.

See the LaTeX manual or LaTeX Companion for explanation.
Type  H <return>  for immediate help.
 ...                                              
                                                  
l.3 ...–º–∞—Ç—Ä–∏–≤–∞—é—Ç—Å—è –æ–ø–∏—Å—ã–≤–∞—é—Ç—Å
                                                  —è –≤—ã–±—Ä–∞–Ω–Ω—ã–µ —Å—Ä...

You may provide a definition with
\DeclareUnicodeCharacter 


! LaTeX Error: Unicode character —è (U+044F)
               not set up for use with LaTeX.

See the LaTeX manual or LaTeX Companion for explanation.
Type  H <return>  for immediate help.
 ...                                              
                                                  
l.3 ...–∞—Ç—Ä–∏–≤–∞—é—Ç—Å—è –æ–ø–∏—Å—ã–≤–∞—é—Ç—Å—è
                                                   –≤—ã–±—Ä–∞–Ω–Ω—ã–µ —Å—Ä–µ...

You may provide a definition with
\DeclareUnicodeCharacter 


! LaTeX Error: Unicode character –≤ (U+0432)
               not set up for use with LaTeX.

See the LaTeX manual or LaTeX Companion for explanation.
Type  H <return>  for immediate help.
 ...                                              
                                                  
l.3 ...Ç—Ä–∏–≤–∞—é—Ç—Å—è –æ–ø–∏—Å—ã–≤–∞—é—Ç—Å—è –≤
                                                  —ã–±—Ä–∞–Ω–Ω—ã–µ —Å—Ä–µ–¥—...

You may provide a definition with
\DeclareUnicodeCharacter 


! LaTeX Error: Unicode character —ã (U+044B)
               not set up for use with LaTeX.

See the LaTeX manual or LaTeX Companion for explanation.
Type  H <return>  for immediate help.
 ...                                              
                                                  
l.3 ...Ä–∏–≤–∞—é—Ç—Å—è –æ–ø–∏—Å—ã–≤–∞—é—Ç—Å—è –≤—ã
                                                  –±—Ä–∞–Ω–Ω—ã–µ —Å—Ä–µ–¥—Å—...

You may provide a definition with
\DeclareUnicodeCharacter 


! LaTeX Error: Unicode character –± (U+0431)
               not set up for use with LaTeX.

See the LaTeX manual or LaTeX Companion for explanation.
Type  H <return>  for immediate help.
 ...                                              
                                                  
l.3 ...∏–≤–∞—é—Ç—Å—è –æ–ø–∏—Å—ã–≤–∞—é—Ç—Å—è –≤—ã–±
                                                  —Ä–∞–Ω–Ω—ã–µ —Å—Ä–µ–¥—Å—Ç–...

You may provide a definition with
\DeclareUnicodeCharacter 


! LaTeX Error: Unicode character —Ä (U+0440)
               not set up for use with LaTeX.

See the LaTeX manual or LaTeX Companion for explanation.
Type  H <return>  for immediate help.
 ...                                              
                                                  
l.3 ...≤–∞—é—Ç—Å—è –æ–ø–∏—Å—ã–≤–∞—é—Ç—Å—è –≤—ã–±—Ä
                                                  –∞–Ω–Ω—ã–µ —Å—Ä–µ–¥—Å—Ç–≤–...

You may provide a definition with
\DeclareUnicodeCharacter 


! LaTeX Error: Unicode character –∞ (U+0430)
               not set up for use with LaTeX.

See the LaTeX manual or LaTeX Companion for explanation.
Type  H <return>  for immediate help.
 ...                                              
                                                  
l.3 ...∞—é—Ç—Å—è –æ–ø–∏—Å—ã–≤–∞—é—Ç—Å—è –≤—ã–±—Ä–∞
                                                  –Ω–Ω—ã–µ —Å—Ä–µ–¥—Å—Ç–≤–∞ ...

You may provide a definition with
\DeclareUnicodeCharacter 


! LaTeX Error: Unicode character –Ω (U+043D)
               not set up for use with LaTeX.

See the LaTeX manual or LaTeX Companion for explanation.
Type  H <return>  for immediate help.
 ...                                              
                                                  
l.3 ...é—Ç—Å—è –æ–ø–∏—Å—ã–≤–∞—é—Ç—Å—è –≤—ã–±—Ä–∞–Ω
                                                  –Ω—ã–µ —Å—Ä–µ–¥—Å—Ç–≤–∞ —Ä...

You may provide a definition with
\DeclareUnicodeCharacter 


! LaTeX Error: Unicode character –Ω (U+043D)
               not set up for use with LaTeX.

See the LaTeX manual or LaTeX Companion for explanation.
Type  H <return>  for immediate help.
 ...                                              
                                                  
l.3 ...Ç—Å—è –æ–ø–∏—Å—ã–≤–∞—é—Ç—Å—è –≤—ã–±—Ä–∞–Ω–Ω
                                                  —ã–µ —Å—Ä–µ–¥—Å—Ç–≤–∞ —Ä–µ...

You may provide a definition with
\DeclareUnicodeCharacter 


! LaTeX Error: Unicode character —ã (U+044B)
               not set up for use with LaTeX.

See the LaTeX manual or LaTeX Companion for explanation.
Type  H <return>  for immediate help.
 ...                                              
                                                  
l.3 ...Å—è –æ–ø–∏—Å—ã–≤–∞—é—Ç—Å—è –≤—ã–±—Ä–∞–Ω–Ω—ã
                                                  –µ —Å—Ä–µ–¥—Å—Ç–≤–∞ —Ä–µ–∞...

You may provide a definition with
\DeclareUnicodeCharacter 


! LaTeX Error: Unicode character –µ (U+0435)
               not set up for use with LaTeX.

See the LaTeX manual or LaTeX Companion for explanation.
Type  H <return>  for immediate help.
 ...                                              
                                                  
l.3 ...è –æ–ø–∏—Å—ã–≤–∞—é—Ç—Å—è –≤—ã–±—Ä–∞–Ω–Ω—ã–µ
                                                   —Å—Ä–µ–¥—Å—Ç–≤–∞ —Ä–µ–∞–ª...

You may provide a definition with
\DeclareUnicodeCharacter 


! LaTeX Error: Unicode character —Å (U+0441)
               not set up for use with LaTeX.

See the LaTeX manual or LaTeX Companion for explanation.
Type  H <return>  for immediate help.
 ...                                              
                                                  
l.3 ...æ–ø–∏—Å—ã–≤–∞—é—Ç—Å—è –≤—ã–±—Ä–∞–Ω–Ω—ã–µ —Å
                                                  —Ä–µ–¥—Å—Ç–≤–∞ —Ä–µ–∞–ª–∏–...

You may provide a definition with
\DeclareUnicodeCharacter 


! LaTeX Error: Unicode character —Ä (U+0440)
               not set up for use with LaTeX.

See the LaTeX manual or LaTeX Companion for explanation.
Type  H <return>  for immediate help.
 ...                                              
                                                  
l.3 ...ø–∏—Å—ã–≤–∞—é—Ç—Å—è –≤—ã–±—Ä–∞–Ω–Ω—ã–µ —Å—Ä
                                                  –µ–¥—Å—Ç–≤–∞ —Ä–µ–∞–ª–∏–∑–...

You may provide a definition with
\DeclareUnicodeCharacter 


! LaTeX Error: Unicode character –µ (U+0435)
               not set up for use with LaTeX.

See the LaTeX manual or LaTeX Companion for explanation.
Type  H <return>  for immediate help.
 ...                                              
                                                  
l.3 ...∏—Å—ã–≤–∞—é—Ç—Å—è –≤—ã–±—Ä–∞–Ω–Ω—ã–µ —Å—Ä–µ
                                                  –¥—Å—Ç–≤–∞ —Ä–µ–∞–ª–∏–∑–∞—...

You may provide a definition with
\DeclareUnicodeCharacter 


! LaTeX Error: Unicode character –¥ (U+0434)
               not set up for use with LaTeX.

See the LaTeX manual or LaTeX Companion for explanation.
Type  H <return>  for immediate help.
 ...                                              
                                                  
l.3 ...Å—ã–≤–∞—é—Ç—Å—è –≤—ã–±—Ä–∞–Ω–Ω—ã–µ —Å—Ä–µ–¥
                                                  —Å—Ç–≤–∞ —Ä–µ–∞–ª–∏–∑–∞—Ü–...

You may provide a definition with
\DeclareUnicodeCharacter 


! LaTeX Error: Unicode character —Å (U+0441)
               not set up for use with LaTeX.

See the LaTeX manual or LaTeX Companion for explanation.
Type  H <return>  for immediate help.
 ...                                              
                                                  
l.3 ...ã–≤–∞—é—Ç—Å—è –≤—ã–±—Ä–∞–Ω–Ω—ã–µ —Å—Ä–µ–¥—Å
                                                  —Ç–≤–∞ —Ä–µ–∞–ª–∏–∑–∞—Ü–∏–...

You may provide a definition with
\DeclareUnicodeCharacter 


! LaTeX Error: Unicode character —Ç (U+0442)
               not set up for use with LaTeX.

See the LaTeX manual or LaTeX Companion for explanation.
Type  H <return>  for immediate help.
 ...                                              
                                                  
l.3 ...≤–∞—é—Ç—Å—è –≤—ã–±—Ä–∞–Ω–Ω—ã–µ —Å—Ä–µ–¥—Å—Ç
                                                  –≤–∞ —Ä–µ–∞–ª–∏–∑–∞—Ü–∏–∏,...

You may provide a definition with
\DeclareUnicodeCharacter 


! LaTeX Error: Unicode character –≤ (U+0432)
               not set up for use with LaTeX.

See the LaTeX manual or LaTeX Companion for explanation.
Type  H <return>  for immediate help.
 ...                                              
                                                  
l.3 ...∞—é—Ç—Å—è –≤—ã–±—Ä–∞–Ω–Ω—ã–µ —Å—Ä–µ–¥—Å—Ç–≤
                                                  –∞ —Ä–µ–∞–ª–∏–∑–∞—Ü–∏–∏, —...

You may provide a definition with
\DeclareUnicodeCharacter 


! LaTeX Error: Unicode character –∞ (U+0430)
               not set up for use with LaTeX.

See the LaTeX manual or LaTeX Companion for explanation.
Type  H <return>  for immediate help.
 ...                                              
                                                  
l.3 ...é—Ç—Å—è –≤—ã–±—Ä–∞–Ω–Ω—ã–µ —Å—Ä–µ–¥—Å—Ç–≤–∞
                                                   —Ä–µ–∞–ª–∏–∑–∞—Ü–∏–∏, —Å—...

You may provide a definition with
\DeclareUnicodeCharacter 


! LaTeX Error: Unicode character —Ä (U+0440)
               not set up for use with LaTeX.

See the LaTeX manual or LaTeX Companion for explanation.
Type  H <return>  for immediate help.
 ...                                              
                                                  
l.3 ...—Å—è –≤—ã–±—Ä–∞–Ω–Ω—ã–µ —Å—Ä–µ–¥—Å—Ç–≤–∞ —Ä
                                                  –µ–∞–ª–∏–∑–∞—Ü–∏–∏, —Å—Ç—Ä...

You may provide a definition with
\DeclareUnicodeCharacter 


! LaTeX Error: Unicode character –µ (U+0435)
               not set up for use with LaTeX.

See the LaTeX manual or LaTeX Companion for explanation.
Type  H <return>  for immediate help.
 ...                                              
                                                  
l.3 ...—è –≤—ã–±—Ä–∞–Ω–Ω—ã–µ —Å—Ä–µ–¥—Å—Ç–≤–∞ —Ä–µ
                                                  –∞–ª–∏–∑–∞—Ü–∏–∏, —Å—Ç—Ä—É...

You may provide a definition with
\DeclareUnicodeCharacter 


! LaTeX Error: Unicode character –∞ (U+0430)
               not set up for use with LaTeX.

See the LaTeX manual or LaTeX Companion for explanation.
Type  H <return>  for immediate help.
 ...                                              
                                                  
l.3 ... –≤—ã–±—Ä–∞–Ω–Ω—ã–µ —Å—Ä–µ–¥—Å—Ç–≤–∞ —Ä–µ–∞
                                                  –ª–∏–∑–∞—Ü–∏–∏, —Å—Ç—Ä—É–∫...

You may provide a definition with
\DeclareUnicodeCharacter 


! LaTeX Error: Unicode character –ª (U+043B)
               not set up for use with LaTeX.

See the LaTeX manual or LaTeX Companion for explanation.
Type  H <return>  for immediate help.
 ...                                              
                                                  
l.3 ...≤—ã–±—Ä–∞–Ω–Ω—ã–µ —Å—Ä–µ–¥—Å—Ç–≤–∞ —Ä–µ–∞–ª
                                                  –∏–∑–∞—Ü–∏–∏, —Å—Ç—Ä—É–∫—Ç...

You may provide a definition with
\DeclareUnicodeCharacter 


! LaTeX Error: Unicode character –∏ (U+0438)
               not set up for use with LaTeX.

See the LaTeX manual or LaTeX Companion for explanation.
Type  H <return>  for immediate help.
 ...                                              
                                                  
l.3 ...ã–±—Ä–∞–Ω–Ω—ã–µ —Å—Ä–µ–¥—Å—Ç–≤–∞ —Ä–µ–∞–ª–∏
                                                  –∑–∞—Ü–∏–∏, —Å—Ç—Ä—É–∫—Ç—É...

You may provide a definition with
\DeclareUnicodeCharacter 


! LaTeX Error: Unicode character –∑ (U+0437)
               not set up for use with LaTeX.

See the LaTeX manual or LaTeX Companion for explanation.
Type  H <return>  for immediate help.
 ...                                              
                                                  
l.3 ...±—Ä–∞–Ω–Ω—ã–µ —Å—Ä–µ–¥—Å—Ç–≤–∞ —Ä–µ–∞–ª–∏–∑
                                                  –∞—Ü–∏–∏, —Å—Ç—Ä—É–∫—Ç—É—Ä...

You may provide a definition with
\DeclareUnicodeCharacter 


! LaTeX Error: Unicode character –∞ (U+0430)
               not set up for use with LaTeX.

See the LaTeX manual or LaTeX Companion for explanation.
Type  H <return>  for immediate help.
 ...                                              
                                                  
l.3 ...Ä–∞–Ω–Ω—ã–µ —Å—Ä–µ–¥—Å—Ç–≤–∞ —Ä–µ–∞–ª–∏–∑–∞
                                                  —Ü–∏–∏, —Å—Ç—Ä—É–∫—Ç—É—Ä–∞...

You may provide a definition with
\DeclareUnicodeCharacter 


! LaTeX Error: Unicode character —Ü (U+0446)
               not set up for use with LaTeX.

See the LaTeX manual or LaTeX Companion for explanation.
Type  H <return>  for immediate help.
 ...                                              
                                                  
l.3 ...∞–Ω–Ω—ã–µ —Å—Ä–µ–¥—Å—Ç–≤–∞ —Ä–µ–∞–ª–∏–∑–∞—Ü
                                                  –∏–∏, —Å—Ç—Ä—É–∫—Ç—É—Ä–∞ –...

You may provide a definition with
\DeclareUnicodeCharacter 


! LaTeX Error: Unicode character –∏ (U+0438)
               not set up for use with LaTeX.

See the LaTeX manual or LaTeX Companion for explanation.
Type  H <return>  for immediate help.
 ...                                              
                                                  
l.3 ...Ω–Ω—ã–µ —Å—Ä–µ–¥—Å—Ç–≤–∞ —Ä–µ–∞–ª–∏–∑–∞—Ü–∏
                                                  –∏, —Å—Ç—Ä—É–∫—Ç—É—Ä–∞ –∫–...

You may provide a definition with
\DeclareUnicodeCharacter 


! LaTeX Error: Unicode character –∏ (U+0438)
               not set up for use with LaTeX.

See the LaTeX manual or LaTeX Companion for explanation.
Type  H <return>  for immediate help.
 ...                                              
                                                  
l.3 ...Ω—ã–µ —Å—Ä–µ–¥—Å—Ç–≤–∞ —Ä–µ–∞–ª–∏–∑–∞—Ü–∏–∏
                                                  , —Å—Ç—Ä—É–∫—Ç—É—Ä–∞ –∫–ª–...

You may provide a definition with
\DeclareUnicodeCharacter 


! LaTeX Error: Missing \begin{document}.

See the LaTeX manual or LaTeX Companion for explanation.
Type  H <return>  for immediate help.
 ...                                              
                                                  
l.3 ...—ã–µ —Å—Ä–µ–¥—Å—Ç–≤–∞ —Ä–µ–∞–ª–∏–∑–∞—Ü–∏–∏,
                                                   —Å—Ç—Ä—É–∫—Ç—É—Ä–∞ –∫–ª–∞...

You're in trouble here.  Try typing  <return>  to proceed.
If that doesn't work, type  X <return>  to quit.

Missing character: There is no , in font nullfont!

! LaTeX Error: Unicode character —Å (U+0441)
               not set up for use with LaTeX.

See the LaTeX manual or LaTeX Companion for explanation.
Type  H <return>  for immediate help.
 ...                                              
                                                  
l.3 ...µ —Å—Ä–µ–¥—Å—Ç–≤–∞ —Ä–µ–∞–ª–∏–∑–∞—Ü–∏–∏, —Å
                                                  —Ç—Ä—É–∫—Ç—É—Ä–∞ –∫–ª–∞—Å—...

You may provide a definition with
\DeclareUnicodeCharacter 


! LaTeX Error: Unicode character —Ç (U+0442)
               not set up for use with LaTeX.

See the LaTeX manual or LaTeX Companion for explanation.
Type  H <return>  for immediate help.
 ...                                              
                                                  
l.3 ...—Å—Ä–µ–¥—Å—Ç–≤–∞ —Ä–µ–∞–ª–∏–∑–∞—Ü–∏–∏, —Å—Ç
                                                  —Ä—É–∫—Ç—É—Ä–∞ –∫–ª–∞—Å—Å–...

You may provide a definition with
\DeclareUnicodeCharacter 


! LaTeX Error: Unicode character —Ä (U+0440)
               not set up for use with LaTeX.

See the LaTeX manual or LaTeX Companion for explanation.
Type  H <return>  for immediate help.
 ...                                              
                                                  
l.3 ...—Ä–µ–¥—Å—Ç–≤–∞ —Ä–µ–∞–ª–∏–∑–∞—Ü–∏–∏, —Å—Ç—Ä
                                                  —É–∫—Ç—É—Ä–∞ –∫–ª–∞—Å—Å–æ–...

You may provide a definition with
\DeclareUnicodeCharacter 


! LaTeX Error: Unicode character —É (U+0443)
               not set up for use with LaTeX.

See the LaTeX manual or LaTeX Companion for explanation.
Type  H <return>  for immediate help.
 ...                                              
                                                  
l.3 ...–µ–¥—Å—Ç–≤–∞ —Ä–µ–∞–ª–∏–∑–∞—Ü–∏–∏, —Å—Ç—Ä—É
                                                  –∫—Ç—É—Ä–∞ –∫–ª–∞—Å—Å–æ–≤ ...

You may provide a definition with
\DeclareUnicodeCharacter 


! LaTeX Error: Unicode character –∫ (U+043A)
               not set up for use with LaTeX.

See the LaTeX manual or LaTeX Companion for explanation.
Type  H <return>  for immediate help.
 ...                                              
                                                  
l.3 ...–¥—Å—Ç–≤–∞ —Ä–µ–∞–ª–∏–∑–∞—Ü–∏–∏, —Å—Ç—Ä—É–∫
                                                  —Ç—É—Ä–∞ –∫–ª–∞—Å—Å–æ–≤ –ø...

You may provide a definition with
\DeclareUnicodeCharacter 


! LaTeX Error: Unicode character —Ç (U+0442)
               not set up for use with LaTeX.

See the LaTeX manual or LaTeX Companion for explanation.
Type  H <return>  for immediate help.
 ...                                              
                                                  
l.3 ...—Å—Ç–≤–∞ —Ä–µ–∞–ª–∏–∑–∞—Ü–∏–∏, —Å—Ç—Ä—É–∫—Ç
                                                  —É—Ä–∞ –∫–ª–∞—Å—Å–æ–≤ –ø—Ä...

You may provide a definition with
\DeclareUnicodeCharacter 


! LaTeX Error: Unicode character —É (U+0443)
               not set up for use with LaTeX.

See the LaTeX manual or LaTeX Companion for explanation.
Type  H <return>  for immediate help.
 ...                                              
                                                  
l.3 ...—Ç–≤–∞ —Ä–µ–∞–ª–∏–∑–∞—Ü–∏–∏, —Å—Ç—Ä—É–∫—Ç—É
                                                  —Ä–∞ –∫–ª–∞—Å—Å–æ–≤ –ø—Ä–æ...

You may provide a definition with
\DeclareUnicodeCharacter 


! LaTeX Error: Unicode character —Ä (U+0440)
               not set up for use with LaTeX.

See the LaTeX manual or LaTeX Companion for explanation.
Type  H <return>  for immediate help.
 ...                                              
                                                  
l.3 ...–≤–∞ —Ä–µ–∞–ª–∏–∑–∞—Ü–∏–∏, —Å—Ç—Ä—É–∫—Ç—É—Ä
                                                  –∞ –∫–ª–∞—Å—Å–æ–≤ –ø—Ä–æ–≥...

You may provide a definition with
\DeclareUnicodeCharacter 


! LaTeX Error: Unicode character –∞ (U+0430)
               not set up for use with LaTeX.

See the LaTeX manual or LaTeX Companion for explanation.
Type  H <return>  for immediate help.
 ...                                              
                                                  
l.3 ...–∞ —Ä–µ–∞–ª–∏–∑–∞—Ü–∏–∏, —Å—Ç—Ä—É–∫—Ç—É—Ä–∞
                                                   –∫–ª–∞—Å—Å–æ–≤ –ø—Ä–æ–≥—Ä...

You may provide a definition with
\DeclareUnicodeCharacter 


! LaTeX Error: Unicode character –∫ (U+043A)
               not set up for use with LaTeX.

See the LaTeX manual or LaTeX Companion for explanation.
Type  H <return>  for immediate help.
 ...                                              
                                                  
l.3 ...—Ä–µ–∞–ª–∏–∑–∞—Ü–∏–∏, —Å—Ç—Ä—É–∫—Ç—É—Ä–∞ –∫
                                                  –ª–∞—Å—Å–æ–≤ –ø—Ä–æ–≥—Ä–∞–...

You may provide a definition with
\DeclareUnicodeCharacter 


! LaTeX Error: Unicode character –ª (U+043B)
               not set up for use with LaTeX.

See the LaTeX manual or LaTeX Companion for explanation.
Type  H <return>  for immediate help.
 ...                                              
                                                  
l.3 ...–µ–∞–ª–∏–∑–∞—Ü–∏–∏, —Å—Ç—Ä—É–∫—Ç—É—Ä–∞ –∫–ª
                                                  –∞—Å—Å–æ–≤ –ø—Ä–æ–≥—Ä–∞–º–...

You may provide a definition with
\DeclareUnicodeCharacter 


! LaTeX Error: Unicode character –∞ (U+0430)
               not set up for use with LaTeX.

See the LaTeX manual or LaTeX Companion for explanation.
Type  H <return>  for immediate help.
 ...                                              
                                                  
l.3 ...–∞–ª–∏–∑–∞—Ü–∏–∏, —Å—Ç—Ä—É–∫—Ç—É—Ä–∞ –∫–ª–∞
                                                  —Å—Å–æ–≤ –ø—Ä–æ–≥—Ä–∞–º–º—...

You may provide a definition with
\DeclareUnicodeCharacter 


! LaTeX Error: Unicode character —Å (U+0441)
               not set up for use with LaTeX.

See the LaTeX manual or LaTeX Companion for explanation.
Type  H <return>  for immediate help.
 ...                                              
                                                  
l.3 ...–ª–∏–∑–∞—Ü–∏–∏, —Å—Ç—Ä—É–∫—Ç—É—Ä–∞ –∫–ª–∞—Å
                                                  —Å–æ–≤ –ø—Ä–æ–≥—Ä–∞–º–º—ã,...

You may provide a definition with
\DeclareUnicodeCharacter 


! LaTeX Error: Unicode character —Å (U+0441)
               not set up for use with LaTeX.

See the LaTeX manual or LaTeX Companion for explanation.
Type  H <return>  for immediate help.
 ...                                              
                                                  
l.3 ...–∏–∑–∞—Ü–∏–∏, —Å—Ç—Ä—É–∫—Ç—É—Ä–∞ –∫–ª–∞—Å—Å
                                                  –æ–≤ –ø—Ä–æ–≥—Ä–∞–º–º—ã, –...

You may provide a definition with
\DeclareUnicodeCharacter 


! LaTeX Error: Unicode character –æ (U+043E)
               not set up for use with LaTeX.

See the LaTeX manual or LaTeX Companion for explanation.
Type  H <return>  for immediate help.
 ...                                              
                                                  
l.3 ...–∑–∞—Ü–∏–∏, —Å—Ç—Ä—É–∫—Ç—É—Ä–∞ –∫–ª–∞—Å—Å–æ
                                                  –≤ –ø—Ä–æ–≥—Ä–∞–º–º—ã, –∞ ...

You may provide a definition with
\DeclareUnicodeCharacter 


! LaTeX Error: Unicode character –≤ (U+0432)
               not set up for use with LaTeX.

See the LaTeX manual or LaTeX Companion for explanation.
Type  H <return>  for immediate help.
 ...                                              
                                                  
l.3 ...–∞—Ü–∏–∏, —Å—Ç—Ä—É–∫—Ç—É—Ä–∞ –∫–ª–∞—Å—Å–æ–≤
                                                   –ø—Ä–æ–≥—Ä–∞–º–º—ã, –∞ —Ç...

You may provide a definition with
\DeclareUnicodeCharacter 


! LaTeX Error: Unicode character –ø (U+043F)
               not set up for use with LaTeX.

See the LaTeX manual or LaTeX Companion for explanation.
Type  H <return>  for immediate help.
 ...                                              
                                                  
l.3 ...Ü–∏–∏, —Å—Ç—Ä—É–∫—Ç—É—Ä–∞ –∫–ª–∞—Å—Å–æ–≤ –ø
                                                  —Ä–æ–≥—Ä–∞–º–º—ã, –∞ —Ç–∞–...

You may provide a definition with
\DeclareUnicodeCharacter 


! LaTeX Error: Unicode character —Ä (U+0440)
               not set up for use with LaTeX.

See the LaTeX manual or LaTeX Companion for explanation.
Type  H <return>  for immediate help.
 ...                                              
                                                  
l.3 ...∏–∏, —Å—Ç—Ä—É–∫—Ç—É—Ä–∞ –∫–ª–∞—Å—Å–æ–≤ –ø—Ä
                                                  –æ–≥—Ä–∞–º–º—ã, –∞ —Ç–∞–∫–...

You may provide a definition with
\DeclareUnicodeCharacter 


! LaTeX Error: Unicode character –æ (U+043E)
               not set up for use with LaTeX.

See the LaTeX manual or LaTeX Companion for explanation.
Type  H <return>  for immediate help.
 ...                                              
                                                  
l.3 ...∏, —Å—Ç—Ä—É–∫—Ç—É—Ä–∞ –∫–ª–∞—Å—Å–æ–≤ –ø—Ä–æ
                                                  –≥—Ä–∞–º–º—ã, –∞ —Ç–∞–∫–∂–...

You may provide a definition with
\DeclareUnicodeCharacter 


! LaTeX Error: Unicode character –≥ (U+0433)
               not set up for use with LaTeX.

See the LaTeX manual or LaTeX Companion for explanation.
Type  H <return>  for immediate help.
 ...                                              
                                                  
l.3 ... —Å—Ç—Ä—É–∫—Ç—É—Ä–∞ –∫–ª–∞—Å—Å–æ–≤ –ø—Ä–æ–≥
                                                  —Ä–∞–º–º—ã, –∞ —Ç–∞–∫–∂–µ ...

You may provide a definition with
\DeclareUnicodeCharacter 


! LaTeX Error: Unicode character —Ä (U+0440)
               not set up for use with LaTeX.

See the LaTeX manual or LaTeX Companion for explanation.
Type  H <return>  for immediate help.
 ...                                              
                                                  
l.3 ...Å—Ç—Ä—É–∫—Ç—É—Ä–∞ –∫–ª–∞—Å—Å–æ–≤ –ø—Ä–æ–≥—Ä
                                                  –∞–º–º—ã, –∞ —Ç–∞–∫–∂–µ –ø...

You may provide a definition with
\DeclareUnicodeCharacter 


! LaTeX Error: Unicode character –∞ (U+0430)
               not set up for use with LaTeX.

See the LaTeX manual or LaTeX Companion for explanation.
Type  H <return>  for immediate help.
 ...                                              
                                                  
l.3 ...Ç—Ä—É–∫—Ç—É—Ä–∞ –∫–ª–∞—Å—Å–æ–≤ –ø—Ä–æ–≥—Ä–∞
                                                  –º–º—ã, –∞ —Ç–∞–∫–∂–µ –ø—Ä...

You may provide a definition with
\DeclareUnicodeCharacter 


! LaTeX Error: Unicode character –º (U+043C)
               not set up for use with LaTeX.

See the LaTeX manual or LaTeX Companion for explanation.
Type  H <return>  for immediate help.
 ...                                              
                                                  
l.3 ...Ä—É–∫—Ç—É—Ä–∞ –∫–ª–∞—Å—Å–æ–≤ –ø—Ä–æ–≥—Ä–∞–º
                                                  –º—ã, –∞ —Ç–∞–∫–∂–µ –ø—Ä–∏...

You may provide a definition with
\DeclareUnicodeCharacter 


! LaTeX Error: Unicode character –º (U+043C)
               not set up for use with LaTeX.

See the LaTeX manual or LaTeX Companion for explanation.
Type  H <return>  for immediate help.
 ...                                              
                                                  
l.3 ...É–∫—Ç—É—Ä–∞ –∫–ª–∞—Å—Å–æ–≤ –ø—Ä–æ–≥—Ä–∞–º–º
                                                  —ã, –∞ —Ç–∞–∫–∂–µ –ø—Ä–∏–≤...

You may provide a definition with
\DeclareUnicodeCharacter 


! LaTeX Error: Unicode character —ã (U+044B)
               not set up for use with LaTeX.

See the LaTeX manual or LaTeX Companion for explanation.
Type  H <return>  for immediate help.
 ...                                              
                                                  
l.3 ...∫—Ç—É—Ä–∞ –∫–ª–∞—Å—Å–æ–≤ –ø—Ä–æ–≥—Ä–∞–º–º—ã
                                                  , –∞ —Ç–∞–∫–∂–µ –ø—Ä–∏–≤–æ...

You may provide a definition with
\DeclareUnicodeCharacter 

Missing character: There is no , in font nullfont!

! LaTeX Error: Unicode character –∞ (U+0430)
               not set up for use with LaTeX.

See the LaTeX manual or LaTeX Companion for explanation.
Type  H <return>  for immediate help.
 ...                                              
                                                  
l.3 ...É—Ä–∞ –∫–ª–∞—Å—Å–æ–≤ –ø—Ä–æ–≥—Ä–∞–º–º—ã, –∞
                                                   —Ç–∞–∫–∂–µ –ø—Ä–∏–≤–æ–¥—è...

You may provide a definition with
\DeclareUnicodeCharacter 


! LaTeX Error: Unicode character —Ç (U+0442)
               not set up for use with LaTeX.

See the LaTeX manual or LaTeX Companion for explanation.
Type  H <return>  for immediate help.
 ...                                              
                                                  
l.3 ...–∞ –∫–ª–∞—Å—Å–æ–≤ –ø—Ä–æ–≥—Ä–∞–º–º—ã, –∞ —Ç
                                                  –∞–∫–∂–µ –ø—Ä–∏–≤–æ–¥—è—Ç—...

You may provide a definition with
\DeclareUnicodeCharacter 


! LaTeX Error: Unicode character –∞ (U+0430)
               not set up for use with LaTeX.

See the LaTeX manual or LaTeX Companion for explanation.
Type  H <return>  for immediate help.
 ...                                              
                                                  
l.3 ... –∫–ª–∞—Å—Å–æ–≤ –ø—Ä–æ–≥—Ä–∞–º–º—ã, –∞ —Ç–∞
                                                  –∫–∂–µ –ø—Ä–∏–≤–æ–¥—è—Ç—Å—...

You may provide a definition with
\DeclareUnicodeCharacter 


! LaTeX Error: Unicode character –∫ (U+043A)
               not set up for use with LaTeX.

See the LaTeX manual or LaTeX Companion for explanation.
Type  H <return>  for immediate help.
 ...                                              
                                                  
l.3 ...∫–ª–∞—Å—Å–æ–≤ –ø—Ä–æ–≥—Ä–∞–º–º—ã, –∞ —Ç–∞–∫
                                                  –∂–µ –ø—Ä–∏–≤–æ–¥—è—Ç—Å—è ...

You may provide a definition with
\DeclareUnicodeCharacter 


! LaTeX Error: Unicode character –∂ (U+0436)
               not set up for use with LaTeX.

See the LaTeX manual or LaTeX Companion for explanation.
Type  H <return>  for immediate help.
 ...                                              
                                                  
l.3 ...ª–∞—Å—Å–æ–≤ –ø—Ä–æ–≥—Ä–∞–º–º—ã, –∞ —Ç–∞–∫–∂
                                                  –µ –ø—Ä–∏–≤–æ–¥—è—Ç—Å—è –ª...

You may provide a definition with
\DeclareUnicodeCharacter 


! LaTeX Error: Unicode character –µ (U+0435)
               not set up for use with LaTeX.

See the LaTeX manual or LaTeX Companion for explanation.
Type  H <return>  for immediate help.
 ...                                              
                                                  
l.3 ...∞—Å—Å–æ–≤ –ø—Ä–æ–≥—Ä–∞–º–º—ã, –∞ —Ç–∞–∫–∂–µ
                                                   –ø—Ä–∏–≤–æ–¥—è—Ç—Å—è –ª–∏...

You may provide a definition with
\DeclareUnicodeCharacter 


! LaTeX Error: Unicode character –ø (U+043F)
               not set up for use with LaTeX.

See the LaTeX manual or LaTeX Companion for explanation.
Type  H <return>  for immediate help.
 ...                                              
                                                  
l.3 ...—Å–æ–≤ –ø—Ä–æ–≥—Ä–∞–º–º—ã, –∞ —Ç–∞–∫–∂–µ –ø
                                                  —Ä–∏–≤–æ–¥—è—Ç—Å—è –ª–∏—Å—...

You may provide a definition with
\DeclareUnicodeCharacter 


! LaTeX Error: Unicode character —Ä (U+0440)
               not set up for use with LaTeX.

See the LaTeX manual or LaTeX Companion for explanation.
Type  H <return>  for immediate help.
 ...                                              
                                                  
l.3 ...–æ–≤ –ø—Ä–æ–≥—Ä–∞–º–º—ã, –∞ —Ç–∞–∫–∂–µ –ø—Ä
                                                  –∏–≤–æ–¥—è—Ç—Å—è –ª–∏—Å—Ç–...

You may provide a definition with
\DeclareUnicodeCharacter 


! LaTeX Error: Unicode character –∏ (U+0438)
               not set up for use with LaTeX.

See the LaTeX manual or LaTeX Companion for explanation.
Type  H <return>  for immediate help.
 ...                                              
                                                  
l.3 ...–≤ –ø—Ä–æ–≥—Ä–∞–º–º—ã, –∞ —Ç–∞–∫–∂–µ –ø—Ä–∏
                                                  –≤–æ–¥—è—Ç—Å—è –ª–∏—Å—Ç–∏–...

You may provide a definition with
\DeclareUnicodeCharacter 


! LaTeX Error: Unicode character –≤ (U+0432)
               not set up for use with LaTeX.

See the LaTeX manual or LaTeX Companion for explanation.
Type  H <return>  for immediate help.
 ...                                              
                                                  
l.3 ... –ø—Ä–æ–≥—Ä–∞–º–º—ã, –∞ —Ç–∞–∫–∂–µ –ø—Ä–∏–≤
                                                  –æ–¥—è—Ç—Å—è –ª–∏—Å—Ç–∏–Ω–...

You may provide a definition with
\DeclareUnicodeCharacter 


! LaTeX Error: Unicode character –æ (U+043E)
               not set up for use with LaTeX.

See the LaTeX manual or LaTeX Companion for explanation.
Type  H <return>  for immediate help.
 ...                                              
                                                  
l.3 ...ø—Ä–æ–≥—Ä–∞–º–º—ã, –∞ —Ç–∞–∫–∂–µ –ø—Ä–∏–≤–æ
                                                  –¥—è—Ç—Å—è –ª–∏—Å—Ç–∏–Ω–≥–...

You may provide a definition with
\DeclareUnicodeCharacter 


! LaTeX Error: Unicode character –¥ (U+0434)
               not set up for use with LaTeX.

See the LaTeX manual or LaTeX Companion for explanation.
Type  H <return>  for immediate help.
 ...                                              
                                                  
l.3 ...Ä–æ–≥—Ä–∞–º–º—ã, –∞ —Ç–∞–∫–∂–µ –ø—Ä–∏–≤–æ–¥
                                                  —è—Ç—Å—è –ª–∏—Å—Ç–∏–Ω–≥–∏ ...

You may provide a definition with
\DeclareUnicodeCharacter 


! LaTeX Error: Unicode character —è (U+044F)
               not set up for use with LaTeX.

See the LaTeX manual or LaTeX Companion for explanation.
Type  H <return>  for immediate help.
 ...                                              
                                                  
l.3 ...æ–≥—Ä–∞–º–º—ã, –∞ —Ç–∞–∫–∂–µ –ø—Ä–∏–≤–æ–¥—è
                                                  —Ç—Å—è –ª–∏—Å—Ç–∏–Ω–≥–∏ —Ä...

You may provide a definition with
\DeclareUnicodeCharacter 


! LaTeX Error: Unicode character —Ç (U+0442)
               not set up for use with LaTeX.

See the LaTeX manual or LaTeX Companion for explanation.
Type  H <return>  for immediate help.
 ...                                              
                                                  
l.3 ...≥—Ä–∞–º–º—ã, –∞ —Ç–∞–∫–∂–µ –ø—Ä–∏–≤–æ–¥—è—Ç
                                                  —Å—è –ª–∏—Å—Ç–∏–Ω–≥–∏ —Ä–µ...

You may provide a definition with
\DeclareUnicodeCharacter 


! LaTeX Error: Unicode character —Å (U+0441)
               not set up for use with LaTeX.

See the LaTeX manual or LaTeX Companion for explanation.
Type  H <return>  for immediate help.
 ...                                              
                                                  
l.3 ...Ä–∞–º–º—ã, –∞ —Ç–∞–∫–∂–µ –ø—Ä–∏–≤–æ–¥—è—Ç—Å
                                                  —è –ª–∏—Å—Ç–∏–Ω–≥–∏ —Ä–µ–∞...

You may provide a definition with
\DeclareUnicodeCharacter 


! LaTeX Error: Unicode character —è (U+044F)
               not set up for use with LaTeX.

See the LaTeX manual or LaTeX Companion for explanation.
Type  H <return>  for immediate help.
 ...                                              
                                                  
l.3 ...∞–º–º—ã, –∞ —Ç–∞–∫–∂–µ –ø—Ä–∏–≤–æ–¥—è—Ç—Å—è
                                                   –ª–∏—Å—Ç–∏–Ω–≥–∏ —Ä–µ–∞–ª...

You may provide a definition with
\DeclareUnicodeCharacter 


! LaTeX Error: Unicode character –ª (U+043B)
               not set up for use with LaTeX.

See the LaTeX manual or LaTeX Companion for explanation.
Type  H <return>  for immediate help.
 ...                                              
                                                  
l.3 ...–º—ã, –∞ —Ç–∞–∫–∂–µ –ø—Ä–∏–≤–æ–¥—è—Ç—Å—è –ª
                                                  –∏—Å—Ç–∏–Ω–≥–∏ —Ä–µ–∞–ª–∏–...

You may provide a definition with
\DeclareUnicodeCharacter 


! LaTeX Error: Unicode character –∏ (U+0438)
               not set up for use with LaTeX.

See the LaTeX manual or LaTeX Companion for explanation.
Type  H <return>  for immediate help.
 ...                                              
                                                  
l.3 ...—ã, –∞ —Ç–∞–∫–∂–µ –ø—Ä–∏–≤–æ–¥—è—Ç—Å—è –ª–∏
                                                  —Å—Ç–∏–Ω–≥–∏ —Ä–µ–∞–ª–∏–∑–...

You may provide a definition with
\DeclareUnicodeCharacter 


! LaTeX Error: Unicode character —Å (U+0441)
               not set up for use with LaTeX.

See the LaTeX manual or LaTeX Companion for explanation.
Type  H <return>  for immediate help.
 ...                                              
                                                  
l.3 ..., –∞ —Ç–∞–∫–∂–µ –ø—Ä–∏–≤–æ–¥—è—Ç—Å—è –ª–∏—Å
                                                  —Ç–∏–Ω–≥–∏ —Ä–µ–∞–ª–∏–∑–∞—...

You may provide a definition with
\DeclareUnicodeCharacter 


! LaTeX Error: Unicode character —Ç (U+0442)
               not set up for use with LaTeX.

See the LaTeX manual or LaTeX Companion for explanation.
Type  H <return>  for immediate help.
 ...                                              
                                                  
l.3 ...–∞ —Ç–∞–∫–∂–µ –ø—Ä–∏–≤–æ–¥—è—Ç—Å—è –ª–∏—Å—Ç
                                                  –∏–Ω–≥–∏ —Ä–µ–∞–ª–∏–∑–∞—Ü–...

You may provide a definition with
\DeclareUnicodeCharacter 


! LaTeX Error: Unicode character –∏ (U+0438)
               not set up for use with LaTeX.

See the LaTeX manual or LaTeX Companion for explanation.
Type  H <return>  for immediate help.
 ...                                              
                                                  
l.3 ... —Ç–∞–∫–∂–µ –ø—Ä–∏–≤–æ–¥—è—Ç—Å—è –ª–∏—Å—Ç–∏
                                                  –Ω–≥–∏ —Ä–µ–∞–ª–∏–∑–∞—Ü–∏–...

You may provide a definition with
\DeclareUnicodeCharacter 


! LaTeX Error: Unicode character –Ω (U+043D)
               not set up for use with LaTeX.

See the LaTeX manual or LaTeX Companion for explanation.
Type  H <return>  for immediate help.
 ...                                              
                                                  
l.3 ...Ç–∞–∫–∂–µ –ø—Ä–∏–≤–æ–¥—è—Ç—Å—è –ª–∏—Å—Ç–∏–Ω
                                                  –≥–∏ —Ä–µ–∞–ª–∏–∑–∞—Ü–∏–∏ ...

You may provide a definition with
\DeclareUnicodeCharacter 


! LaTeX Error: Unicode character –≥ (U+0433)
               not set up for use with LaTeX.

See the LaTeX manual or LaTeX Companion for explanation.
Type  H <return>  for immediate help.
 ...                                              
                                                  
l.3 ...∞–∫–∂–µ –ø—Ä–∏–≤–æ–¥—è—Ç—Å—è –ª–∏—Å—Ç–∏–Ω–≥
                                                  –∏ —Ä–µ–∞–ª–∏–∑–∞—Ü–∏–∏ –∞...

You may provide a definition with
\DeclareUnicodeCharacter 


! LaTeX Error: Unicode character –∏ (U+0438)
               not set up for use with LaTeX.

See the LaTeX manual or LaTeX Companion for explanation.
Type  H <return>  for immediate help.
 ...                                              
                                                  
l.3 ...∫–∂–µ –ø—Ä–∏–≤–æ–¥—è—Ç—Å—è –ª–∏—Å—Ç–∏–Ω–≥–∏
                                                   —Ä–µ–∞–ª–∏–∑–∞—Ü–∏–∏ –∞–ª...

You may provide a definition with
\DeclareUnicodeCharacter 


! LaTeX Error: Unicode character —Ä (U+0440)
               not set up for use with LaTeX.

See the LaTeX manual or LaTeX Companion for explanation.
Type  H <return>  for immediate help.
 ...                                              
                                                  
l.3 ...–µ –ø—Ä–∏–≤–æ–¥—è—Ç—Å—è –ª–∏—Å—Ç–∏–Ω–≥–∏ —Ä
                                                  –µ–∞–ª–∏–∑–∞—Ü–∏–∏ –∞–ª–≥–...

You may provide a definition with
\DeclareUnicodeCharacter 


! LaTeX Error: Unicode character –µ (U+0435)
               not set up for use with LaTeX.

See the LaTeX manual or LaTeX Companion for explanation.
Type  H <return>  for immediate help.
 ...                                              
                                                  
l.3 ... –ø—Ä–∏–≤–æ–¥—è—Ç—Å—è –ª–∏—Å—Ç–∏–Ω–≥–∏ —Ä–µ
                                                  –∞–ª–∏–∑–∞—Ü–∏–∏ –∞–ª–≥–æ—...

You may provide a definition with
\DeclareUnicodeCharacter 


! LaTeX Error: Unicode character –∞ (U+0430)
               not set up for use with LaTeX.

See the LaTeX manual or LaTeX Companion for explanation.
Type  H <return>  for immediate help.
 ...                                              
                                                  
l.3 ...ø—Ä–∏–≤–æ–¥—è—Ç—Å—è –ª–∏—Å—Ç–∏–Ω–≥–∏ —Ä–µ–∞
                                                  –ª–∏–∑–∞—Ü–∏–∏ –∞–ª–≥–æ—Ä–...

You may provide a definition with
\DeclareUnicodeCharacter 


! LaTeX Error: Unicode character –ª (U+043B)
               not set up for use with LaTeX.

See the LaTeX manual or LaTeX Companion for explanation.
Type  H <return>  for immediate help.
 ...                                              
                                                  
l.3 ...Ä–∏–≤–æ–¥—è—Ç—Å—è –ª–∏—Å—Ç–∏–Ω–≥–∏ —Ä–µ–∞–ª
                                                  –∏–∑–∞—Ü–∏–∏ –∞–ª–≥–æ—Ä–∏—...

You may provide a definition with
\DeclareUnicodeCharacter 


! LaTeX Error: Unicode character –∏ (U+0438)
               not set up for use with LaTeX.

See the LaTeX manual or LaTeX Companion for explanation.
Type  H <return>  for immediate help.
 ...                                              
                                                  
l.3 ...∏–≤–æ–¥—è—Ç—Å—è –ª–∏—Å—Ç–∏–Ω–≥–∏ —Ä–µ–∞–ª–∏
                                                  –∑–∞—Ü–∏–∏ –∞–ª–≥–æ—Ä–∏—Ç–...

You may provide a definition with
\DeclareUnicodeCharacter 


! LaTeX Error: Unicode character –∑ (U+0437)
               not set up for use with LaTeX.

See the LaTeX manual or LaTeX Companion for explanation.
Type  H <return>  for immediate help.
 ...                                              
                                                  
l.3 ...≤–æ–¥—è—Ç—Å—è –ª–∏—Å—Ç–∏–Ω–≥–∏ —Ä–µ–∞–ª–∏–∑
                                                  –∞—Ü–∏–∏ –∞–ª–≥–æ—Ä–∏—Ç–º–...

You may provide a definition with
\DeclareUnicodeCharacter 


! LaTeX Error: Unicode character –∞ (U+0430)
               not set up for use with LaTeX.

See the LaTeX manual or LaTeX Companion for explanation.
Type  H <return>  for immediate help.
 ...                                              
                                                  
l.3 ...æ–¥—è—Ç—Å—è –ª–∏—Å—Ç–∏–Ω–≥–∏ —Ä–µ–∞–ª–∏–∑–∞
                                                  —Ü–∏–∏ –∞–ª–≥–æ—Ä–∏—Ç–º–æ–...

You may provide a definition with
\DeclareUnicodeCharacter 


! LaTeX Error: Unicode character —Ü (U+0446)
               not set up for use with LaTeX.

See the LaTeX manual or LaTeX Companion for explanation.
Type  H <return>  for immediate help.
 ...                                              
                                                  
l.3 ...¥—è—Ç—Å—è –ª–∏—Å—Ç–∏–Ω–≥–∏ —Ä–µ–∞–ª–∏–∑–∞—Ü
                                                  –∏–∏ –∞–ª–≥–æ—Ä–∏—Ç–º–æ–≤ ...

You may provide a definition with
\DeclareUnicodeCharacter 


! LaTeX Error: Unicode character –∏ (U+0438)
               not set up for use with LaTeX.

See the LaTeX manual or LaTeX Companion for explanation.
Type  H <return>  for immediate help.
 ...                                              
                                                  
l.3 ...è—Ç—Å—è –ª–∏—Å—Ç–∏–Ω–≥–∏ —Ä–µ–∞–ª–∏–∑–∞—Ü–∏
                                                  –∏ –∞–ª–≥–æ—Ä–∏—Ç–º–æ–≤ –∏...

You may provide a definition with
\DeclareUnicodeCharacter 


! LaTeX Error: Unicode character –∏ (U+0438)
               not set up for use with LaTeX.

See the LaTeX manual or LaTeX Companion for explanation.
Type  H <return>  for immediate help.
 ...                                              
                                                  
l.3 ...Ç—Å—è –ª–∏—Å—Ç–∏–Ω–≥–∏ —Ä–µ–∞–ª–∏–∑–∞—Ü–∏–∏
                                                   –∞–ª–≥–æ—Ä–∏—Ç–º–æ–≤ –∏ –...

You may provide a definition with
\DeclareUnicodeCharacter 


! LaTeX Error: Unicode character –∞ (U+0430)
               not set up for use with LaTeX.

See the LaTeX manual or LaTeX Companion for explanation.
Type  H <return>  for immediate help.
 ...                                              
                                                  
l.3 ...—è –ª–∏—Å—Ç–∏–Ω–≥–∏ —Ä–µ–∞–ª–∏–∑–∞—Ü–∏–∏ –∞
                                                  –ª–≥–æ—Ä–∏—Ç–º–æ–≤ –∏ –ø—Ä...

You may provide a definition with
\DeclareUnicodeCharacter 


! LaTeX Error: Unicode character –ª (U+043B)
               not set up for use with LaTeX.

See the LaTeX manual or LaTeX Companion for explanation.
Type  H <return>  for immediate help.
 ...                                              
                                                  
l.3 ... –ª–∏—Å—Ç–∏–Ω–≥–∏ —Ä–µ–∞–ª–∏–∑–∞—Ü–∏–∏ –∞–ª
                                                  –≥–æ—Ä–∏—Ç–º–æ–≤ –∏ –ø—Ä–∏...

You may provide a definition with
\DeclareUnicodeCharacter 


! LaTeX Error: Unicode character –≥ (U+0433)
               not set up for use with LaTeX.

See the LaTeX manual or LaTeX Companion for explanation.
Type  H <return>  for immediate help.
 ...                                              
                                                  
l.3 ...ª–∏—Å—Ç–∏–Ω–≥–∏ —Ä–µ–∞–ª–∏–∑–∞—Ü–∏–∏ –∞–ª–≥
                                                  –æ—Ä–∏—Ç–º–æ–≤ –∏ –ø—Ä–∏–≤...

You may provide a definition with
\DeclareUnicodeCharacter 


! LaTeX Error: Unicode character –æ (U+043E)
               not set up for use with LaTeX.

See the LaTeX manual or LaTeX Companion for explanation.
Type  H <return>  for immediate help.
 ...                                              
                                                  
l.3 ...∏—Å—Ç–∏–Ω–≥–∏ —Ä–µ–∞–ª–∏–∑–∞—Ü–∏–∏ –∞–ª–≥–æ
                                                  —Ä–∏—Ç–º–æ–≤ –∏ –ø—Ä–∏–≤–æ...

You may provide a definition with
\DeclareUnicodeCharacter 


! LaTeX Error: Unicode character —Ä (U+0440)
               not set up for use with LaTeX.

See the LaTeX manual or LaTeX Companion for explanation.
Type  H <return>  for immediate help.
 ...                                              
                                                  
l.3 ...Å—Ç–∏–Ω–≥–∏ —Ä–µ–∞–ª–∏–∑–∞—Ü–∏–∏ –∞–ª–≥–æ—Ä
                                                  –∏—Ç–º–æ–≤ –∏ –ø—Ä–∏–≤–æ–¥...

You may provide a definition with
\DeclareUnicodeCharacter 


! LaTeX Error: Unicode character –∏ (U+0438)
               not set up for use with LaTeX.

See the LaTeX manual or LaTeX Companion for explanation.
Type  H <return>  for immediate help.
 ...                                              
                                                  
l.3 ...Ç–∏–Ω–≥–∏ —Ä–µ–∞–ª–∏–∑–∞—Ü–∏–∏ –∞–ª–≥–æ—Ä–∏
                                                  —Ç–º–æ–≤ –∏ –ø—Ä–∏–≤–æ–¥–∏...

You may provide a definition with
\DeclareUnicodeCharacter 


! LaTeX Error: Unicode character —Ç (U+0442)
               not set up for use with LaTeX.

See the LaTeX manual or LaTeX Companion for explanation.
Type  H <return>  for immediate help.
 ...                                              
                                                  
l.3 ...∏–Ω–≥–∏ —Ä–µ–∞–ª–∏–∑–∞—Ü–∏–∏ –∞–ª–≥–æ—Ä–∏—Ç
                                                  –º–æ–≤ –∏ –ø—Ä–∏–≤–æ–¥–∏—Ç...

You may provide a definition with
\DeclareUnicodeCharacter 


! LaTeX Error: Unicode character –º (U+043C)
               not set up for use with LaTeX.

See the LaTeX manual or LaTeX Companion for explanation.
Type  H <return>  for immediate help.
 ...                                              
                                                  
l.3 ...Ω–≥–∏ —Ä–µ–∞–ª–∏–∑–∞—Ü–∏–∏ –∞–ª–≥–æ—Ä–∏—Ç–º
                                                  –æ–≤ –∏ –ø—Ä–∏–≤–æ–¥–∏—Ç—Å...

You may provide a definition with
\DeclareUnicodeCharacter 


! LaTeX Error: Unicode character –æ (U+043E)
               not set up for use with LaTeX.

See the LaTeX manual or LaTeX Companion for explanation.
Type  H <return>  for immediate help.
 ...                                              
                                                  
l.3 ...≥–∏ —Ä–µ–∞–ª–∏–∑–∞—Ü–∏–∏ –∞–ª–≥–æ—Ä–∏—Ç–º–æ
                                                  –≤ –∏ –ø—Ä–∏–≤–æ–¥–∏—Ç—Å—è...

You may provide a definition with
\DeclareUnicodeCharacter 


! LaTeX Error: Unicode character –≤ (U+0432)
               not set up for use with LaTeX.

See the LaTeX manual or LaTeX Companion for explanation.
Type  H <return>  for immediate help.
 ...                                              
                                                  
l.3 ...∏ —Ä–µ–∞–ª–∏–∑–∞—Ü–∏–∏ –∞–ª–≥–æ—Ä–∏—Ç–º–æ–≤
                                                   –∏ –ø—Ä–∏–≤–æ–¥–∏—Ç—Å—è –...

You may provide a definition with
\DeclareUnicodeCharacter 


! LaTeX Error: Unicode character –∏ (U+0438)
               not set up for use with LaTeX.

See the LaTeX manual or LaTeX Companion for explanation.
Type  H <return>  for immediate help.
 ...                                              
                                                  
l.3 ...Ä–µ–∞–ª–∏–∑–∞—Ü–∏–∏ –∞–ª–≥–æ—Ä–∏—Ç–º–æ–≤ –∏
                                                   –ø—Ä–∏–≤–æ–¥–∏—Ç—Å—è –¥–µ...

You may provide a definition with
\DeclareUnicodeCharacter 


! LaTeX Error: Unicode character –ø (U+043F)
               not set up for use with LaTeX.

See the LaTeX manual or LaTeX Companion for explanation.
Type  H <return>  for immediate help.
 ...                                              
                                                  
l.3 ...–∞–ª–∏–∑–∞—Ü–∏–∏ –∞–ª–≥–æ—Ä–∏—Ç–º–æ–≤ –∏ –ø
                                                  —Ä–∏–≤–æ–¥–∏—Ç—Å—è –¥–µ–º–...

You may provide a definition with
\DeclareUnicodeCharacter 


! LaTeX Error: Unicode character —Ä (U+0440)
               not set up for use with LaTeX.

See the LaTeX manual or LaTeX Companion for explanation.
Type  H <return>  for immediate help.
 ...                                              
                                                  
l.3 ...–ª–∏–∑–∞—Ü–∏–∏ –∞–ª–≥–æ—Ä–∏—Ç–º–æ–≤ –∏ –ø—Ä
                                                  –∏–≤–æ–¥–∏—Ç—Å—è –¥–µ–º–æ–...

You may provide a definition with
\DeclareUnicodeCharacter 


! LaTeX Error: Unicode character –∏ (U+0438)
               not set up for use with LaTeX.

See the LaTeX manual or LaTeX Companion for explanation.
Type  H <return>  for immediate help.
 ...                                              
                                                  
l.3 ...–∏–∑–∞—Ü–∏–∏ –∞–ª–≥–æ—Ä–∏—Ç–º–æ–≤ –∏ –ø—Ä–∏
                                                  –≤–æ–¥–∏—Ç—Å—è –¥–µ–º–æ–Ω—...

You may provide a definition with
\DeclareUnicodeCharacter 


! LaTeX Error: Unicode character –≤ (U+0432)
               not set up for use with LaTeX.

See the LaTeX manual or LaTeX Companion for explanation.
Type  H <return>  for immediate help.
 ...                                              
                                                  
l.3 ...–∑–∞—Ü–∏–∏ –∞–ª–≥–æ—Ä–∏—Ç–º–æ–≤ –∏ –ø—Ä–∏–≤
                                                  –æ–¥–∏—Ç—Å—è –¥–µ–º–æ–Ω—Å—...

You may provide a definition with
\DeclareUnicodeCharacter 


! LaTeX Error: Unicode character –æ (U+043E)
               not set up for use with LaTeX.

See the LaTeX manual or LaTeX Companion for explanation.
Type  H <return>  for immediate help.
 ...                                              
                                                  
l.3 ...–∞—Ü–∏–∏ –∞–ª–≥–æ—Ä–∏—Ç–º–æ–≤ –∏ –ø—Ä–∏–≤–æ
                                                  –¥–∏—Ç—Å—è –¥–µ–º–æ–Ω—Å—Ç—...

You may provide a definition with
\DeclareUnicodeCharacter 


! LaTeX Error: Unicode character –¥ (U+0434)
               not set up for use with LaTeX.

See the LaTeX manual or LaTeX Companion for explanation.
Type  H <return>  for immediate help.
 ...                                              
                                                  
l.3 ...—Ü–∏–∏ –∞–ª–≥–æ—Ä–∏—Ç–º–æ–≤ –∏ –ø—Ä–∏–≤–æ–¥
                                                  –∏—Ç—Å—è –¥–µ–º–æ–Ω—Å—Ç—Ä–...

You may provide a definition with
\DeclareUnicodeCharacter 


! LaTeX Error: Unicode character –∏ (U+0438)
               not set up for use with LaTeX.

See the LaTeX manual or LaTeX Companion for explanation.
Type  H <return>  for immediate help.
 ...                                              
                                                  
l.3 ...–∏–∏ –∞–ª–≥–æ—Ä–∏—Ç–º–æ–≤ –∏ –ø—Ä–∏–≤–æ–¥–∏
                                                  —Ç—Å—è –¥–µ–º–æ–Ω—Å—Ç—Ä–∞—...

You may provide a definition with
\DeclareUnicodeCharacter 


! LaTeX Error: Unicode character —Ç (U+0442)
               not set up for use with LaTeX.

See the LaTeX manual or LaTeX Companion for explanation.
Type  H <return>  for immediate help.
 ...                                              
                                                  
l.3 ...–∏ –∞–ª–≥–æ—Ä–∏—Ç–º–æ–≤ –∏ –ø—Ä–∏–≤–æ–¥–∏—Ç
                                                  —Å—è –¥–µ–º–æ–Ω—Å—Ç—Ä–∞—Ü–...

You may provide a definition with
\DeclareUnicodeCharacter 


! LaTeX Error: Unicode character —Å (U+0441)
               not set up for use with LaTeX.

See the LaTeX manual or LaTeX Companion for explanation.
Type  H <return>  for immediate help.
 ...                                              
                                                  
l.3 ... –∞–ª–≥–æ—Ä–∏—Ç–º–æ–≤ –∏ –ø—Ä–∏–≤–æ–¥–∏—Ç—Å
                                                  —è –¥–µ–º–æ–Ω—Å—Ç—Ä–∞—Ü–∏–...

You may provide a definition with
\DeclareUnicodeCharacter 


! LaTeX Error: Unicode character —è (U+044F)
               not set up for use with LaTeX.

See the LaTeX manual or LaTeX Companion for explanation.
Type  H <return>  for immediate help.
 ...                                              
                                                  
l.3 ...∞–ª–≥–æ—Ä–∏—Ç–º–æ–≤ –∏ –ø—Ä–∏–≤–æ–¥–∏—Ç—Å—è
                                                   –¥–µ–º–æ–Ω—Å—Ç—Ä–∞—Ü–∏–æ–...

You may provide a definition with
\DeclareUnicodeCharacter 


! LaTeX Error: Unicode character –¥ (U+0434)
               not set up for use with LaTeX.

See the LaTeX manual or LaTeX Companion for explanation.
Type  H <return>  for immediate help.
 ...                                              
                                                  
l.3 ...–≥–æ—Ä–∏—Ç–º–æ–≤ –∏ –ø—Ä–∏–≤–æ–¥–∏—Ç—Å—è –¥
                                                  –µ–º–æ–Ω—Å—Ç—Ä–∞—Ü–∏–æ–Ω–Ω...

You may provide a definition with
\DeclareUnicodeCharacter 


! LaTeX Error: Unicode character –µ (U+0435)
               not set up for use with LaTeX.

See the LaTeX manual or LaTeX Companion for explanation.
Type  H <return>  for immediate help.
 ...                                              
                                                  
l.3 ...–æ—Ä–∏—Ç–º–æ–≤ –∏ –ø—Ä–∏–≤–æ–¥–∏—Ç—Å—è –¥–µ
                                                  –º–æ–Ω—Å—Ç—Ä–∞—Ü–∏–æ–Ω–Ω—ã...

You may provide a definition with
\DeclareUnicodeCharacter 


! LaTeX Error: Unicode character –º (U+043C)
               not set up for use with LaTeX.

See the LaTeX manual or LaTeX Companion for explanation.
Type  H <return>  for immediate help.
 ...                                              
                                                  
l.3 ...—Ä–∏—Ç–º–æ–≤ –∏ –ø—Ä–∏–≤–æ–¥–∏—Ç—Å—è –¥–µ–º
                                                  –æ–Ω—Å—Ç—Ä–∞—Ü–∏–æ–Ω–Ω—ã–π...

You may provide a definition with
\DeclareUnicodeCharacter 


! LaTeX Error: Unicode character –æ (U+043E)
               not set up for use with LaTeX.

See the LaTeX manual or LaTeX Companion for explanation.
Type  H <return>  for immediate help.
 ...                                              
                                                  
l.3 ...–∏—Ç–º–æ–≤ –∏ –ø—Ä–∏–≤–æ–¥–∏—Ç—Å—è –¥–µ–º–æ
                                                  –Ω—Å—Ç—Ä–∞—Ü–∏–æ–Ω–Ω—ã–π –...

You may provide a definition with
\DeclareUnicodeCharacter 


! LaTeX Error: Unicode character –Ω (U+043D)
               not set up for use with LaTeX.

See the LaTeX manual or LaTeX Companion for explanation.
Type  H <return>  for immediate help.
 ...                                              
                                                  
l.3 ...—Ç–º–æ–≤ –∏ –ø—Ä–∏–≤–æ–¥–∏—Ç—Å—è –¥–µ–º–æ–Ω
                                                  —Å—Ç—Ä–∞—Ü–∏–æ–Ω–Ω—ã–π –ø—...

You may provide a definition with
\DeclareUnicodeCharacter 


! LaTeX Error: Unicode character —Å (U+0441)
               not set up for use with LaTeX.

See the LaTeX manual or LaTeX Companion for explanation.
Type  H <return>  for immediate help.
 ...                                              
                                                  
l.3 ...–º–æ–≤ –∏ –ø—Ä–∏–≤–æ–¥–∏—Ç—Å—è –¥–µ–º–æ–Ω—Å
                                                  —Ç—Ä–∞—Ü–∏–æ–Ω–Ω—ã–π –ø—Ä–...

You may provide a definition with
\DeclareUnicodeCharacter 


! LaTeX Error: Unicode character —Ç (U+0442)
               not set up for use with LaTeX.

See the LaTeX manual or LaTeX Companion for explanation.
Type  H <return>  for immediate help.
 ...                                              
                                                  
l.3 ...–æ–≤ –∏ –ø—Ä–∏–≤–æ–¥–∏—Ç—Å—è –¥–µ–º–æ–Ω—Å—Ç
                                                  —Ä–∞—Ü–∏–æ–Ω–Ω—ã–π –ø—Ä–∏–...

You may provide a definition with
\DeclareUnicodeCharacter 


! LaTeX Error: Unicode character —Ä (U+0440)
               not set up for use with LaTeX.

See the LaTeX manual or LaTeX Companion for explanation.
Type  H <return>  for immediate help.
 ...                                              
                                                  
l.3 ...–≤ –∏ –ø—Ä–∏–≤–æ–¥–∏—Ç—Å—è –¥–µ–º–æ–Ω—Å—Ç—Ä
                                                  –∞—Ü–∏–æ–Ω–Ω—ã–π –ø—Ä–∏–º–...

You may provide a definition with
\DeclareUnicodeCharacter 


! LaTeX Error: Unicode character –∞ (U+0430)
               not set up for use with LaTeX.

See the LaTeX manual or LaTeX Companion for explanation.
Type  H <return>  for immediate help.
 ...                                              
                                                  
l.3 ... –∏ –ø—Ä–∏–≤–æ–¥–∏—Ç—Å—è –¥–µ–º–æ–Ω—Å—Ç—Ä–∞
                                                  —Ü–∏–æ–Ω–Ω—ã–π –ø—Ä–∏–º–µ—...

You may provide a definition with
\DeclareUnicodeCharacter 


! LaTeX Error: Unicode character —Ü (U+0446)
               not set up for use with LaTeX.

See the LaTeX manual or LaTeX Companion for explanation.
Type  H <return>  for immediate help.
 ...                                              
                                                  
l.3 ...∏ –ø—Ä–∏–≤–æ–¥–∏—Ç—Å—è –¥–µ–º–æ–Ω—Å—Ç—Ä–∞—Ü
                                                  –∏–æ–Ω–Ω—ã–π –ø—Ä–∏–º–µ—Ä ...

You may provide a definition with
\DeclareUnicodeCharacter 


! LaTeX Error: Unicode character –∏ (U+0438)
               not set up for use with LaTeX.

See the LaTeX manual or LaTeX Companion for explanation.
Type  H <return>  for immediate help.
 ...                                              
                                                  
l.3 ...–ø—Ä–∏–≤–æ–¥–∏—Ç—Å—è –¥–µ–º–æ–Ω—Å—Ç—Ä–∞—Ü–∏
                                                  –æ–Ω–Ω—ã–π –ø—Ä–∏–º–µ—Ä –∏...

You may provide a definition with
\DeclareUnicodeCharacter 


! LaTeX Error: Unicode character –æ (U+043E)
               not set up for use with LaTeX.

See the LaTeX manual or LaTeX Companion for explanation.
Type  H <return>  for immediate help.
 ...                                              
                                                  
l.3 ...—Ä–∏–≤–æ–¥–∏—Ç—Å—è –¥–µ–º–æ–Ω—Å—Ç—Ä–∞—Ü–∏–æ
                                                  –Ω–Ω—ã–π –ø—Ä–∏–º–µ—Ä –∏–Ω...

You may provide a definition with
\DeclareUnicodeCharacter 


! LaTeX Error: Unicode character –Ω (U+043D)
               not set up for use with LaTeX.

See the LaTeX manual or LaTeX Companion for explanation.
Type  H <return>  for immediate help.
 ...                                              
                                                  
l.3 ...–∏–≤–æ–¥–∏—Ç—Å—è –¥–µ–º–æ–Ω—Å—Ç—Ä–∞—Ü–∏–æ–Ω
                                                  –Ω—ã–π –ø—Ä–∏–º–µ—Ä –∏–Ω—Ç...

You may provide a definition with
\DeclareUnicodeCharacter 


! LaTeX Error: Unicode character –Ω (U+043D)
               not set up for use with LaTeX.

See the LaTeX manual or LaTeX Companion for explanation.
Type  H <return>  for immediate help.
 ...                                              
                                                  
l.3 ...–≤–æ–¥–∏—Ç—Å—è –¥–µ–º–æ–Ω—Å—Ç—Ä–∞—Ü–∏–æ–Ω–Ω
                                                  —ã–π –ø—Ä–∏–º–µ—Ä –∏–Ω—Ç–µ...

You may provide a definition with
\DeclareUnicodeCharacter 


! LaTeX Error: Unicode character —ã (U+044B)
               not set up for use with LaTeX.

See the LaTeX manual or LaTeX Companion for explanation.
Type  H <return>  for immediate help.
 ...                                              
                                                  
l.3 ...–æ–¥–∏—Ç—Å—è –¥–µ–º–æ–Ω—Å—Ç—Ä–∞—Ü–∏–æ–Ω–Ω—ã
                                                  –π –ø—Ä–∏–º–µ—Ä –∏–Ω—Ç–µ—Ä...

You may provide a definition with
\DeclareUnicodeCharacter 


! LaTeX Error: Unicode character –π (U+0439)
               not set up for use with LaTeX.

See the LaTeX manual or LaTeX Companion for explanation.
Type  H <return>  for immediate help.
 ...                                              
                                                  
l.3 ...–¥–∏—Ç—Å—è –¥–µ–º–æ–Ω—Å—Ç—Ä–∞—Ü–∏–æ–Ω–Ω—ã–π
                                                   –ø—Ä–∏–º–µ—Ä –∏–Ω—Ç–µ—Ä—Ñ...

You may provide a definition with
\DeclareUnicodeCharacter 


! LaTeX Error: Unicode character –ø (U+043F)
               not set up for use with LaTeX.

See the LaTeX manual or LaTeX Companion for explanation.
Type  H <return>  for immediate help.
 ...                                              
                                                  
l.3 ...∏—Ç—Å—è –¥–µ–º–æ–Ω—Å—Ç—Ä–∞—Ü–∏–æ–Ω–Ω—ã–π –ø
                                                  —Ä–∏–º–µ—Ä –∏–Ω—Ç–µ—Ä—Ñ–µ–...

You may provide a definition with
\DeclareUnicodeCharacter 


! LaTeX Error: Unicode character —Ä (U+0440)
               not set up for use with LaTeX.

See the LaTeX manual or LaTeX Companion for explanation.
Type  H <return>  for immediate help.
 ...                                              
                                                  
l.3 ...Ç—Å—è –¥–µ–º–æ–Ω—Å—Ç—Ä–∞—Ü–∏–æ–Ω–Ω—ã–π –ø—Ä
                                                  –∏–º–µ—Ä –∏–Ω—Ç–µ—Ä—Ñ–µ–π—...

You may provide a definition with
\DeclareUnicodeCharacter 


! LaTeX Error: Unicode character –∏ (U+0438)
               not set up for use with LaTeX.

See the LaTeX manual or LaTeX Companion for explanation.
Type  H <return>  for immediate help.
 ...                                              
                                                  
l.3 ...Å—è –¥–µ–º–æ–Ω—Å—Ç—Ä–∞—Ü–∏–æ–Ω–Ω—ã–π –ø—Ä–∏
                                                  –º–µ—Ä –∏–Ω—Ç–µ—Ä—Ñ–µ–π—Å–...
(That makes 100 errors; please try again.) 
Here is how much of TeX's memory you used:
 46 strings out of 473899
 773 string characters out of 5726500
 386318 words of memory out of 5000000
 23018 multiletter control sequences out of 15000+600000
 558069 words of font info for 36 fonts, out of 8000000 for 9000
 1141 hyphenation exceptions out of 8191
 15i,0n,18p,448b,31s stack positions out of 10000i,1000n,20000p,200000b,200000s

!  ==> Fatal error occurred, no output PDF file produced!
